

Started GET "/" for ::1 at 2015-05-25 12:58:29 -0400

ActiveRecord::NoDatabaseError (FATAL:  database "finance_info_development" does not exist
):
  activerecord (4.2.0) lib/active_record/connection_adapters/postgresql_adapter.rb:661:in `rescue in connect'
  activerecord (4.2.0) lib/active_record/connection_adapters/postgresql_adapter.rb:651:in `connect'
  activerecord (4.2.0) lib/active_record/connection_adapters/postgresql_adapter.rb:242:in `initialize'
  activerecord (4.2.0) lib/active_record/connection_adapters/postgresql_adapter.rb:44:in `new'
  activerecord (4.2.0) lib/active_record/connection_adapters/postgresql_adapter.rb:44:in `postgresql_connection'
  activerecord (4.2.0) lib/active_record/connection_adapters/abstract/connection_pool.rb:436:in `new_connection'
  activerecord (4.2.0) lib/active_record/connection_adapters/abstract/connection_pool.rb:446:in `checkout_new_connection'
  activerecord (4.2.0) lib/active_record/connection_adapters/abstract/connection_pool.rb:422:in `acquire_connection'
  activerecord (4.2.0) lib/active_record/connection_adapters/abstract/connection_pool.rb:349:in `block in checkout'
  /Users/alexschattner/.rbenv/versions/2.1.2/lib/ruby/2.1.0/monitor.rb:211:in `mon_synchronize'
  activerecord (4.2.0) lib/active_record/connection_adapters/abstract/connection_pool.rb:348:in `checkout'
  activerecord (4.2.0) lib/active_record/connection_adapters/abstract/connection_pool.rb:263:in `block in connection'
  /Users/alexschattner/.rbenv/versions/2.1.2/lib/ruby/2.1.0/monitor.rb:211:in `mon_synchronize'
  activerecord (4.2.0) lib/active_record/connection_adapters/abstract/connection_pool.rb:262:in `connection'
  activerecord (4.2.0) lib/active_record/connection_adapters/abstract/connection_pool.rb:565:in `retrieve_connection'
  activerecord (4.2.0) lib/active_record/connection_handling.rb:113:in `retrieve_connection'
  activerecord (4.2.0) lib/active_record/connection_handling.rb:87:in `connection'
  activerecord (4.2.0) lib/active_record/migration.rb:384:in `connection'
  activerecord (4.2.0) lib/active_record/migration.rb:371:in `call'
  actionpack (4.2.0) lib/action_dispatch/middleware/callbacks.rb:29:in `block in call'
  activesupport (4.2.0) lib/active_support/callbacks.rb:88:in `call'
  activesupport (4.2.0) lib/active_support/callbacks.rb:88:in `_run_callbacks'
  activesupport (4.2.0) lib/active_support/callbacks.rb:734:in `_run_call_callbacks'
  activesupport (4.2.0) lib/active_support/callbacks.rb:81:in `run_callbacks'
  actionpack (4.2.0) lib/action_dispatch/middleware/callbacks.rb:27:in `call'
  actionpack (4.2.0) lib/action_dispatch/middleware/reloader.rb:73:in `call'
  actionpack (4.2.0) lib/action_dispatch/middleware/remote_ip.rb:78:in `call'
  actionpack (4.2.0) lib/action_dispatch/middleware/debug_exceptions.rb:17:in `call'
  web-console (2.1.2) lib/web_console/middleware.rb:37:in `call'
  actionpack (4.2.0) lib/action_dispatch/middleware/show_exceptions.rb:30:in `call'
  railties (4.2.0) lib/rails/rack/logger.rb:38:in `call_app'
  railties (4.2.0) lib/rails/rack/logger.rb:20:in `block in call'
  activesupport (4.2.0) lib/active_support/tagged_logging.rb:68:in `block in tagged'
  activesupport (4.2.0) lib/active_support/tagged_logging.rb:26:in `tagged'
  activesupport (4.2.0) lib/active_support/tagged_logging.rb:68:in `tagged'
  railties (4.2.0) lib/rails/rack/logger.rb:20:in `call'
  actionpack (4.2.0) lib/action_dispatch/middleware/request_id.rb:21:in `call'
  rack (1.6.1) lib/rack/methodoverride.rb:22:in `call'
  rack (1.6.1) lib/rack/runtime.rb:18:in `call'
  activesupport (4.2.0) lib/active_support/cache/strategy/local_cache_middleware.rb:28:in `call'
  rack (1.6.1) lib/rack/lock.rb:17:in `call'
  actionpack (4.2.0) lib/action_dispatch/middleware/static.rb:113:in `call'
  rack (1.6.1) lib/rack/sendfile.rb:113:in `call'
  railties (4.2.0) lib/rails/engine.rb:518:in `call'
  railties (4.2.0) lib/rails/application.rb:164:in `call'
  rack (1.6.1) lib/rack/lock.rb:17:in `call'
  rack (1.6.1) lib/rack/content_length.rb:15:in `call'
  rack (1.6.1) lib/rack/handler/webrick.rb:89:in `service'
  /Users/alexschattner/.rbenv/versions/2.1.2/lib/ruby/2.1.0/webrick/httpserver.rb:138:in `service'
  /Users/alexschattner/.rbenv/versions/2.1.2/lib/ruby/2.1.0/webrick/httpserver.rb:94:in `run'
  /Users/alexschattner/.rbenv/versions/2.1.2/lib/ruby/2.1.0/webrick/server.rb:295:in `block in start_thread'


  Rendered /Users/alexschattner/.rbenv/versions/2.1.2/lib/ruby/gems/2.1.0/gems/actionpack-4.2.0/lib/action_dispatch/middleware/templates/rescues/_source.erb (7.1ms)
  Rendered /Users/alexschattner/.rbenv/versions/2.1.2/lib/ruby/gems/2.1.0/gems/actionpack-4.2.0/lib/action_dispatch/middleware/templates/rescues/_trace.html.erb (1.9ms)
  Rendered /Users/alexschattner/.rbenv/versions/2.1.2/lib/ruby/gems/2.1.0/gems/actionpack-4.2.0/lib/action_dispatch/middleware/templates/rescues/_request_and_response.html.erb (1.0ms)
  Rendered /Users/alexschattner/.rbenv/versions/2.1.2/lib/ruby/gems/2.1.0/gems/actionpack-4.2.0/lib/action_dispatch/middleware/templates/rescues/diagnostics.html.erb within rescues/layout (47.1ms)
  Rendered /Users/alexschattner/.rbenv/versions/2.1.2/lib/ruby/gems/2.1.0/gems/web-console-2.1.2/lib/web_console/templates/_markup.html.erb (0.4ms)
  Rendered /Users/alexschattner/.rbenv/versions/2.1.2/lib/ruby/gems/2.1.0/gems/web-console-2.1.2/lib/web_console/templates/style.css.erb within layouts/inlined_string (0.4ms)
  Rendered /Users/alexschattner/.rbenv/versions/2.1.2/lib/ruby/gems/2.1.0/gems/web-console-2.1.2/lib/web_console/templates/_inner_console_markup.html.erb within layouts/inlined_string (0.6ms)
  Rendered /Users/alexschattner/.rbenv/versions/2.1.2/lib/ruby/gems/2.1.0/gems/web-console-2.1.2/lib/web_console/templates/_prompt_box_markup.html.erb within layouts/inlined_string (0.5ms)
  Rendered /Users/alexschattner/.rbenv/versions/2.1.2/lib/ruby/gems/2.1.0/gems/web-console-2.1.2/lib/web_console/templates/console.js.erb within layouts/javascript (24.8ms)
  Rendered /Users/alexschattner/.rbenv/versions/2.1.2/lib/ruby/gems/2.1.0/gems/web-console-2.1.2/lib/web_console/templates/main.js.erb within layouts/javascript (0.4ms)
  Rendered /Users/alexschattner/.rbenv/versions/2.1.2/lib/ruby/gems/2.1.0/gems/web-console-2.1.2/lib/web_console/templates/error_page.js.erb within layouts/javascript (0.5ms)
  Rendered /Users/alexschattner/.rbenv/versions/2.1.2/lib/ruby/gems/2.1.0/gems/web-console-2.1.2/lib/web_console/templates/index.html.erb (106.1ms)
  [1m[36m (120.2ms)[0m  [1mCREATE TABLE "schema_migrations" ("version" character varying NOT NULL) [0m
  [1m[35m (27.6ms)[0m  CREATE UNIQUE INDEX  "unique_schema_migrations" ON "schema_migrations"  ("version")
  [1m[36mActiveRecord::SchemaMigration Load (0.8ms)[0m  [1mSELECT "schema_migrations".* FROM "schema_migrations"[0m
  [1m[36mSQL (18.0ms)[0m  [1mCREATE EXTENSION IF NOT EXISTS "plpgsql"[0m
  [1m[35m (0.4ms)[0m  SELECT version FROM "schema_migrations"
  [1m[36m (1.0ms)[0m  [1mINSERT INTO "schema_migrations" (version) VALUES ('0')[0m
  [1m[35mSQL (0.4ms)[0m  CREATE EXTENSION IF NOT EXISTS "plpgsql"
  [1m[36m (25.9ms)[0m  [1mCREATE TABLE "schema_migrations" ("version" character varying NOT NULL) [0m
  [1m[35m (2.4ms)[0m  CREATE UNIQUE INDEX  "unique_schema_migrations" ON "schema_migrations"  ("version")
  [1m[36m (0.6ms)[0m  [1mSELECT version FROM "schema_migrations"[0m
  [1m[35m (0.7ms)[0m  INSERT INTO "schema_migrations" (version) VALUES ('0')
  [1m[36mActiveRecord::SchemaMigration Load (0.5ms)[0m  [1mSELECT "schema_migrations".* FROM "schema_migrations"[0m


Started GET "/" for ::1 at 2015-05-25 13:00:43 -0400
Processing by Rails::WelcomeController#index as HTML
  Rendered /Users/alexschattner/.rbenv/versions/2.1.2/lib/ruby/gems/2.1.0/gems/railties-4.2.0/lib/rails/templates/rails/welcome/index.html.erb (1.5ms)
Completed 200 OK in 34ms (Views: 12.0ms | ActiveRecord: 0.0ms)


Started GET "/" for ::1 at 2015-05-25 13:01:52 -0400
Processing by Rails::WelcomeController#index as HTML
  Rendered /Users/alexschattner/.rbenv/versions/2.1.2/lib/ruby/gems/2.1.0/gems/railties-4.2.0/lib/rails/templates/rails/welcome/index.html.erb (0.0ms)
Completed 200 OK in 1ms (Views: 0.9ms | ActiveRecord: 0.0ms)


Started GET "/" for ::1 at 2015-05-25 13:02:03 -0400
Processing by Rails::WelcomeController#index as HTML
  Rendered /Users/alexschattner/.rbenv/versions/2.1.2/lib/ruby/gems/2.1.0/gems/railties-4.2.0/lib/rails/templates/rails/welcome/index.html.erb (0.0ms)
Completed 200 OK in 1ms (Views: 0.8ms | ActiveRecord: 0.0ms)


Started GET "/" for ::1 at 2015-05-25 13:16:21 -0400
Processing by Rails::WelcomeController#index as HTML
  Rendered /Users/alexschattner/.rbenv/versions/2.1.2/lib/ruby/gems/2.1.0/gems/railties-4.2.0/lib/rails/templates/rails/welcome/index.html.erb (0.1ms)
Completed 200 OK in 2ms (Views: 1.0ms | ActiveRecord: 0.0ms)


Started GET "/" for ::1 at 2015-05-25 13:16:25 -0400
Processing by Rails::WelcomeController#index as HTML
  Rendered /Users/alexschattner/.rbenv/versions/2.1.2/lib/ruby/gems/2.1.0/gems/railties-4.2.0/lib/rails/templates/rails/welcome/index.html.erb (0.1ms)
Completed 200 OK in 1ms (Views: 0.8ms | ActiveRecord: 0.0ms)


Started GET "/" for ::1 at 2015-05-25 13:31:42 -0400
Processing by Rails::WelcomeController#index as HTML
  Rendered /Users/alexschattner/.rbenv/versions/2.1.2/lib/ruby/gems/2.1.0/gems/railties-4.2.0/lib/rails/templates/rails/welcome/index.html.erb (0.0ms)
Completed 200 OK in 1ms (Views: 1.0ms | ActiveRecord: 0.0ms)


Started GET "/" for ::1 at 2015-05-25 13:31:46 -0400
Processing by Rails::WelcomeController#index as HTML
  Rendered /Users/alexschattner/.rbenv/versions/2.1.2/lib/ruby/gems/2.1.0/gems/railties-4.2.0/lib/rails/templates/rails/welcome/index.html.erb (0.0ms)
Completed 200 OK in 1ms (Views: 0.8ms | ActiveRecord: 0.0ms)


Started GET "/" for ::1 at 2015-05-25 13:32:08 -0400
Processing by Rails::WelcomeController#index as HTML
  Rendered /Users/alexschattner/.rbenv/versions/2.1.2/lib/ruby/gems/2.1.0/gems/railties-4.2.0/lib/rails/templates/rails/welcome/index.html.erb (0.0ms)
Completed 200 OK in 1ms (Views: 0.8ms | ActiveRecord: 0.0ms)


Started GET "/" for ::1 at 2015-05-25 13:38:13 -0400

AbstractController::ActionNotFound (The action 'index' could not be found for ApplicationController):
  actionpack (4.2.0) lib/abstract_controller/base.rb:132:in `process'
  actionview (4.2.0) lib/action_view/rendering.rb:30:in `process'
  actionpack (4.2.0) lib/action_controller/metal.rb:195:in `dispatch'
  actionpack (4.2.0) lib/action_controller/metal/rack_delegation.rb:13:in `dispatch'
  actionpack (4.2.0) lib/action_controller/metal.rb:236:in `block in action'
  actionpack (4.2.0) lib/action_dispatch/routing/route_set.rb:73:in `call'
  actionpack (4.2.0) lib/action_dispatch/routing/route_set.rb:73:in `dispatch'
  actionpack (4.2.0) lib/action_dispatch/routing/route_set.rb:42:in `serve'
  actionpack (4.2.0) lib/action_dispatch/journey/router.rb:43:in `block in serve'
  actionpack (4.2.0) lib/action_dispatch/journey/router.rb:30:in `each'
  actionpack (4.2.0) lib/action_dispatch/journey/router.rb:30:in `serve'
  actionpack (4.2.0) lib/action_dispatch/routing/route_set.rb:802:in `call'
  rack (1.6.1) lib/rack/etag.rb:24:in `call'
  rack (1.6.1) lib/rack/conditionalget.rb:25:in `call'
  rack (1.6.1) lib/rack/head.rb:13:in `call'
  actionpack (4.2.0) lib/action_dispatch/middleware/params_parser.rb:27:in `call'
  actionpack (4.2.0) lib/action_dispatch/middleware/flash.rb:260:in `call'
  rack (1.6.1) lib/rack/session/abstract/id.rb:225:in `context'
  rack (1.6.1) lib/rack/session/abstract/id.rb:220:in `call'
  actionpack (4.2.0) lib/action_dispatch/middleware/cookies.rb:560:in `call'
  activerecord (4.2.0) lib/active_record/query_cache.rb:36:in `call'
  activerecord (4.2.0) lib/active_record/connection_adapters/abstract/connection_pool.rb:647:in `call'
  activerecord (4.2.0) lib/active_record/migration.rb:378:in `call'
  actionpack (4.2.0) lib/action_dispatch/middleware/callbacks.rb:29:in `block in call'
  activesupport (4.2.0) lib/active_support/callbacks.rb:88:in `call'
  activesupport (4.2.0) lib/active_support/callbacks.rb:88:in `_run_callbacks'
  activesupport (4.2.0) lib/active_support/callbacks.rb:734:in `_run_call_callbacks'
  activesupport (4.2.0) lib/active_support/callbacks.rb:81:in `run_callbacks'
  actionpack (4.2.0) lib/action_dispatch/middleware/callbacks.rb:27:in `call'
  actionpack (4.2.0) lib/action_dispatch/middleware/reloader.rb:73:in `call'
  actionpack (4.2.0) lib/action_dispatch/middleware/remote_ip.rb:78:in `call'
  actionpack (4.2.0) lib/action_dispatch/middleware/debug_exceptions.rb:17:in `call'
  web-console (2.1.2) lib/web_console/middleware.rb:37:in `call'
  actionpack (4.2.0) lib/action_dispatch/middleware/show_exceptions.rb:30:in `call'
  railties (4.2.0) lib/rails/rack/logger.rb:38:in `call_app'
  railties (4.2.0) lib/rails/rack/logger.rb:20:in `block in call'
  activesupport (4.2.0) lib/active_support/tagged_logging.rb:68:in `block in tagged'
  activesupport (4.2.0) lib/active_support/tagged_logging.rb:26:in `tagged'
  activesupport (4.2.0) lib/active_support/tagged_logging.rb:68:in `tagged'
  railties (4.2.0) lib/rails/rack/logger.rb:20:in `call'
  actionpack (4.2.0) lib/action_dispatch/middleware/request_id.rb:21:in `call'
  rack (1.6.1) lib/rack/methodoverride.rb:22:in `call'
  rack (1.6.1) lib/rack/runtime.rb:18:in `call'
  activesupport (4.2.0) lib/active_support/cache/strategy/local_cache_middleware.rb:28:in `call'
  rack (1.6.1) lib/rack/lock.rb:17:in `call'
  actionpack (4.2.0) lib/action_dispatch/middleware/static.rb:113:in `call'
  rack (1.6.1) lib/rack/sendfile.rb:113:in `call'
  railties (4.2.0) lib/rails/engine.rb:518:in `call'
  railties (4.2.0) lib/rails/application.rb:164:in `call'
  rack (1.6.1) lib/rack/lock.rb:17:in `call'
  rack (1.6.1) lib/rack/content_length.rb:15:in `call'
  rack (1.6.1) lib/rack/handler/webrick.rb:89:in `service'
  /Users/alexschattner/.rbenv/versions/2.1.2/lib/ruby/2.1.0/webrick/httpserver.rb:138:in `service'
  /Users/alexschattner/.rbenv/versions/2.1.2/lib/ruby/2.1.0/webrick/httpserver.rb:94:in `run'
  /Users/alexschattner/.rbenv/versions/2.1.2/lib/ruby/2.1.0/webrick/server.rb:295:in `block in start_thread'


  Rendered /Users/alexschattner/.rbenv/versions/2.1.2/lib/ruby/gems/2.1.0/gems/actionpack-4.2.0/lib/action_dispatch/middleware/templates/rescues/unknown_action.html.erb within rescues/layout (0.8ms)
  Rendered /Users/alexschattner/.rbenv/versions/2.1.2/lib/ruby/gems/2.1.0/gems/web-console-2.1.2/lib/web_console/templates/_markup.html.erb (0.3ms)
  Rendered /Users/alexschattner/.rbenv/versions/2.1.2/lib/ruby/gems/2.1.0/gems/web-console-2.1.2/lib/web_console/templates/style.css.erb within layouts/inlined_string (0.2ms)
  Rendered /Users/alexschattner/.rbenv/versions/2.1.2/lib/ruby/gems/2.1.0/gems/web-console-2.1.2/lib/web_console/templates/_inner_console_markup.html.erb within layouts/inlined_string (0.2ms)
  Rendered /Users/alexschattner/.rbenv/versions/2.1.2/lib/ruby/gems/2.1.0/gems/web-console-2.1.2/lib/web_console/templates/_prompt_box_markup.html.erb within layouts/inlined_string (0.2ms)
  Rendered /Users/alexschattner/.rbenv/versions/2.1.2/lib/ruby/gems/2.1.0/gems/web-console-2.1.2/lib/web_console/templates/console.js.erb within layouts/javascript (17.1ms)
  Rendered /Users/alexschattner/.rbenv/versions/2.1.2/lib/ruby/gems/2.1.0/gems/web-console-2.1.2/lib/web_console/templates/main.js.erb within layouts/javascript (0.2ms)
  Rendered /Users/alexschattner/.rbenv/versions/2.1.2/lib/ruby/gems/2.1.0/gems/web-console-2.1.2/lib/web_console/templates/error_page.js.erb within layouts/javascript (0.3ms)
  Rendered /Users/alexschattner/.rbenv/versions/2.1.2/lib/ruby/gems/2.1.0/gems/web-console-2.1.2/lib/web_console/templates/index.html.erb (39.6ms)


Started GET "/" for ::1 at 2015-05-25 13:38:42 -0400

SyntaxError (/Users/alexschattner/repos_wdi/finance_info/app/controllers/application_controller.rb:9: syntax error, unexpected end-of-input, expecting keyword_end):
  app/controllers/application_controller.rb:9: syntax error, unexpected end-of-input, expecting keyword_end


  Rendered /Users/alexschattner/.rbenv/versions/2.1.2/lib/ruby/gems/2.1.0/gems/actionpack-4.2.0/lib/action_dispatch/middleware/templates/rescues/_source.erb (4.4ms)
  Rendered /Users/alexschattner/.rbenv/versions/2.1.2/lib/ruby/gems/2.1.0/gems/actionpack-4.2.0/lib/action_dispatch/middleware/templates/rescues/_trace.html.erb (2.1ms)
  Rendered /Users/alexschattner/.rbenv/versions/2.1.2/lib/ruby/gems/2.1.0/gems/actionpack-4.2.0/lib/action_dispatch/middleware/templates/rescues/_request_and_response.html.erb (0.9ms)
  Rendered /Users/alexschattner/.rbenv/versions/2.1.2/lib/ruby/gems/2.1.0/gems/actionpack-4.2.0/lib/action_dispatch/middleware/templates/rescues/diagnostics.html.erb within rescues/layout (21.8ms)
  Rendered /Users/alexschattner/.rbenv/versions/2.1.2/lib/ruby/gems/2.1.0/gems/web-console-2.1.2/lib/web_console/templates/_markup.html.erb (0.3ms)
  Rendered /Users/alexschattner/.rbenv/versions/2.1.2/lib/ruby/gems/2.1.0/gems/web-console-2.1.2/lib/web_console/templates/style.css.erb within layouts/inlined_string (0.2ms)
  Rendered /Users/alexschattner/.rbenv/versions/2.1.2/lib/ruby/gems/2.1.0/gems/web-console-2.1.2/lib/web_console/templates/_inner_console_markup.html.erb within layouts/inlined_string (0.2ms)
  Rendered /Users/alexschattner/.rbenv/versions/2.1.2/lib/ruby/gems/2.1.0/gems/web-console-2.1.2/lib/web_console/templates/_prompt_box_markup.html.erb within layouts/inlined_string (0.3ms)
  Rendered /Users/alexschattner/.rbenv/versions/2.1.2/lib/ruby/gems/2.1.0/gems/web-console-2.1.2/lib/web_console/templates/console.js.erb within layouts/javascript (14.3ms)
  Rendered /Users/alexschattner/.rbenv/versions/2.1.2/lib/ruby/gems/2.1.0/gems/web-console-2.1.2/lib/web_console/templates/main.js.erb within layouts/javascript (0.3ms)
  Rendered /Users/alexschattner/.rbenv/versions/2.1.2/lib/ruby/gems/2.1.0/gems/web-console-2.1.2/lib/web_console/templates/error_page.js.erb within layouts/javascript (0.3ms)
  Rendered /Users/alexschattner/.rbenv/versions/2.1.2/lib/ruby/gems/2.1.0/gems/web-console-2.1.2/lib/web_console/templates/index.html.erb (30.7ms)


Started GET "/" for ::1 at 2015-05-25 13:38:52 -0400
Processing by ApplicationController#index as HTML
  Rendered text template within layouts/application (0.0ms)
Completed 200 OK in 2076ms (Views: 2075.1ms | ActiveRecord: 0.0ms)


Started GET "/assets/application.self-e80e8f2318043e8af94dddc2adad5a4f09739a8ebb323b3ab31cd71d45fd9113.css?body=1" for ::1 at 2015-05-25 13:38:54 -0400


Started GET "/assets/jquery_ujs.self-8e98a7a072a6cee1372d19fff9ff3e6aa1e39a37d89d6f06861637d061113ee7.js?body=1" for ::1 at 2015-05-25 13:38:54 -0400


Started GET "/assets/jquery.self-d03a5518f45df77341bdbe6201ba3bfa547ebba8ed64f0ea56bfa5f96ea7c074.js?body=1" for ::1 at 2015-05-25 13:38:54 -0400


Started GET "/assets/application.self-3a3c8b61bda630ee689740ce7cbd0dd8ea6fdd45e2c42eef4661ab38cf268afe.js?body=1" for ::1 at 2015-05-25 13:38:54 -0400


Started GET "/assets/turbolinks.self-c37727e9bd6b2735da5c311aa83fead54ed0be6cc8bd9a65309e9c5abe2cbfff.js?body=1" for ::1 at 2015-05-25 13:38:54 -0400


Started GET "/" for ::1 at 2015-05-25 13:43:02 -0400
Processing by ApplicationController#index as HTML
  Rendered text template within layouts/application (0.0ms)
Completed 200 OK in 93ms (Views: 92.0ms | ActiveRecord: 0.0ms)


Started GET "/assets/application.self-e80e8f2318043e8af94dddc2adad5a4f09739a8ebb323b3ab31cd71d45fd9113.css?body=1" for ::1 at 2015-05-25 13:43:02 -0400


Started GET "/assets/jquery_ujs.self-8e98a7a072a6cee1372d19fff9ff3e6aa1e39a37d89d6f06861637d061113ee7.js?body=1" for ::1 at 2015-05-25 13:43:02 -0400


Started GET "/assets/jquery.self-d03a5518f45df77341bdbe6201ba3bfa547ebba8ed64f0ea56bfa5f96ea7c074.js?body=1" for ::1 at 2015-05-25 13:43:02 -0400


Started GET "/assets/application.self-8fbf555c9961056e82a4c3686155051eee3ee2534fb2cd68744e914d00e1c7f3.js?body=1" for ::1 at 2015-05-25 13:43:02 -0400


Started GET "/assets/turbolinks.self-c37727e9bd6b2735da5c311aa83fead54ed0be6cc8bd9a65309e9c5abe2cbfff.js?body=1" for ::1 at 2015-05-25 13:43:02 -0400


Started GET "/uptime" for ::1 at 2015-05-25 13:43:02 -0400
Processing by ProjectsController#uptime as */*
Completed 500 Internal Server Error in 41140ms

ActionView::MissingTemplate (Missing template projects/uptime, application/uptime with {:locale=>[:en], :formats=>[:html, :text, :js, :css, :ics, :csv, :vcf, :png, :jpeg, :gif, :bmp, :tiff, :mpeg, :xml, :rss, :atom, :yaml, :multipart_form, :url_encoded_form, :json, :pdf, :zip], :variants=>[], :handlers=>[:erb, :builder, :raw, :ruby, :coffee, :jbuilder]}. Searched in:
  * "/Users/alexschattner/repos_wdi/finance_info/app/views"
):
  actionview (4.2.0) lib/action_view/path_set.rb:46:in `find'
  actionview (4.2.0) lib/action_view/lookup_context.rb:121:in `find'
  actionview (4.2.0) lib/action_view/renderer/abstract_renderer.rb:18:in `find_template'
  actionview (4.2.0) lib/action_view/renderer/template_renderer.rb:40:in `determine_template'
  actionview (4.2.0) lib/action_view/renderer/template_renderer.rb:8:in `render'
  actionview (4.2.0) lib/action_view/renderer/renderer.rb:42:in `render_template'
  actionview (4.2.0) lib/action_view/renderer/renderer.rb:23:in `render'
  actionview (4.2.0) lib/action_view/rendering.rb:100:in `_render_template'
  actionpack (4.2.0) lib/action_controller/metal/streaming.rb:217:in `_render_template'
  actionview (4.2.0) lib/action_view/rendering.rb:83:in `render_to_body'
  actionpack (4.2.0) lib/action_controller/metal/rendering.rb:32:in `render_to_body'
  actionpack (4.2.0) lib/action_controller/metal/renderers.rb:37:in `render_to_body'
  actionpack (4.2.0) lib/abstract_controller/rendering.rb:25:in `render'
  actionpack (4.2.0) lib/action_controller/metal/rendering.rb:16:in `render'
  actionpack (4.2.0) lib/action_controller/metal/instrumentation.rb:41:in `block (2 levels) in render'
  activesupport (4.2.0) lib/active_support/core_ext/benchmark.rb:12:in `block in ms'
  /Users/alexschattner/.rbenv/versions/2.1.2/lib/ruby/2.1.0/benchmark.rb:294:in `realtime'
  activesupport (4.2.0) lib/active_support/core_ext/benchmark.rb:12:in `ms'
  actionpack (4.2.0) lib/action_controller/metal/instrumentation.rb:41:in `block in render'
  actionpack (4.2.0) lib/action_controller/metal/instrumentation.rb:84:in `cleanup_view_runtime'
  activerecord (4.2.0) lib/active_record/railties/controller_runtime.rb:25:in `cleanup_view_runtime'
  actionpack (4.2.0) lib/action_controller/metal/instrumentation.rb:40:in `render'
  actionpack (4.2.0) lib/action_controller/metal/implicit_render.rb:10:in `default_render'
  actionpack (4.2.0) lib/action_controller/metal/implicit_render.rb:5:in `send_action'
  actionpack (4.2.0) lib/abstract_controller/base.rb:198:in `process_action'
  actionpack (4.2.0) lib/action_controller/metal/rendering.rb:10:in `process_action'
  actionpack (4.2.0) lib/abstract_controller/callbacks.rb:20:in `block in process_action'
  activesupport (4.2.0) lib/active_support/callbacks.rb:117:in `call'
  activesupport (4.2.0) lib/active_support/callbacks.rb:117:in `call'
  activesupport (4.2.0) lib/active_support/callbacks.rb:234:in `block in halting'
  activesupport (4.2.0) lib/active_support/callbacks.rb:169:in `call'
  activesupport (4.2.0) lib/active_support/callbacks.rb:169:in `block in halting'
  activesupport (4.2.0) lib/active_support/callbacks.rb:169:in `call'
  activesupport (4.2.0) lib/active_support/callbacks.rb:169:in `block in halting'
  activesupport (4.2.0) lib/active_support/callbacks.rb:92:in `call'
  activesupport (4.2.0) lib/active_support/callbacks.rb:92:in `_run_callbacks'
  activesupport (4.2.0) lib/active_support/callbacks.rb:734:in `_run_process_action_callbacks'
  activesupport (4.2.0) lib/active_support/callbacks.rb:81:in `run_callbacks'
  actionpack (4.2.0) lib/abstract_controller/callbacks.rb:19:in `process_action'
  actionpack (4.2.0) lib/action_controller/metal/rescue.rb:29:in `process_action'
  actionpack (4.2.0) lib/action_controller/metal/instrumentation.rb:31:in `block in process_action'
  activesupport (4.2.0) lib/active_support/notifications.rb:164:in `block in instrument'
  activesupport (4.2.0) lib/active_support/notifications/instrumenter.rb:20:in `instrument'
  activesupport (4.2.0) lib/active_support/notifications.rb:164:in `instrument'
  actionpack (4.2.0) lib/action_controller/metal/instrumentation.rb:30:in `process_action'
  actionpack (4.2.0) lib/action_controller/metal/params_wrapper.rb:250:in `process_action'
  activerecord (4.2.0) lib/active_record/railties/controller_runtime.rb:18:in `process_action'
  actionpack (4.2.0) lib/abstract_controller/base.rb:137:in `process'
  actionview (4.2.0) lib/action_view/rendering.rb:30:in `process'
  actionpack (4.2.0) lib/action_controller/metal.rb:195:in `dispatch'
  actionpack (4.2.0) lib/action_controller/metal/rack_delegation.rb:13:in `dispatch'
  actionpack (4.2.0) lib/action_controller/metal.rb:236:in `block in action'
  actionpack (4.2.0) lib/action_dispatch/routing/route_set.rb:73:in `call'
  actionpack (4.2.0) lib/action_dispatch/routing/route_set.rb:73:in `dispatch'
  actionpack (4.2.0) lib/action_dispatch/routing/route_set.rb:42:in `serve'
  actionpack (4.2.0) lib/action_dispatch/journey/router.rb:43:in `block in serve'
  actionpack (4.2.0) lib/action_dispatch/journey/router.rb:30:in `each'
  actionpack (4.2.0) lib/action_dispatch/journey/router.rb:30:in `serve'
  actionpack (4.2.0) lib/action_dispatch/routing/route_set.rb:802:in `call'
  rack (1.6.1) lib/rack/etag.rb:24:in `call'
  rack (1.6.1) lib/rack/conditionalget.rb:25:in `call'
  rack (1.6.1) lib/rack/head.rb:13:in `call'
  actionpack (4.2.0) lib/action_dispatch/middleware/params_parser.rb:27:in `call'
  actionpack (4.2.0) lib/action_dispatch/middleware/flash.rb:260:in `call'
  rack (1.6.1) lib/rack/session/abstract/id.rb:225:in `context'
  rack (1.6.1) lib/rack/session/abstract/id.rb:220:in `call'
  actionpack (4.2.0) lib/action_dispatch/middleware/cookies.rb:560:in `call'
  activerecord (4.2.0) lib/active_record/query_cache.rb:36:in `call'
  activerecord (4.2.0) lib/active_record/connection_adapters/abstract/connection_pool.rb:647:in `call'
  activerecord (4.2.0) lib/active_record/migration.rb:378:in `call'
  actionpack (4.2.0) lib/action_dispatch/middleware/callbacks.rb:29:in `block in call'
  activesupport (4.2.0) lib/active_support/callbacks.rb:88:in `call'
  activesupport (4.2.0) lib/active_support/callbacks.rb:88:in `_run_callbacks'
  activesupport (4.2.0) lib/active_support/callbacks.rb:734:in `_run_call_callbacks'
  activesupport (4.2.0) lib/active_support/callbacks.rb:81:in `run_callbacks'
  actionpack (4.2.0) lib/action_dispatch/middleware/callbacks.rb:27:in `call'
  actionpack (4.2.0) lib/action_dispatch/middleware/reloader.rb:73:in `call'
  actionpack (4.2.0) lib/action_dispatch/middleware/remote_ip.rb:78:in `call'
  actionpack (4.2.0) lib/action_dispatch/middleware/debug_exceptions.rb:17:in `call'
  web-console (2.1.2) lib/web_console/middleware.rb:37:in `call'
  actionpack (4.2.0) lib/action_dispatch/middleware/show_exceptions.rb:30:in `call'
  railties (4.2.0) lib/rails/rack/logger.rb:38:in `call_app'
  railties (4.2.0) lib/rails/rack/logger.rb:20:in `block in call'
  activesupport (4.2.0) lib/active_support/tagged_logging.rb:68:in `block in tagged'
  activesupport (4.2.0) lib/active_support/tagged_logging.rb:26:in `tagged'
  activesupport (4.2.0) lib/active_support/tagged_logging.rb:68:in `tagged'
  railties (4.2.0) lib/rails/rack/logger.rb:20:in `call'
  actionpack (4.2.0) lib/action_dispatch/middleware/request_id.rb:21:in `call'
  rack (1.6.1) lib/rack/methodoverride.rb:22:in `call'
  rack (1.6.1) lib/rack/runtime.rb:18:in `call'
  activesupport (4.2.0) lib/active_support/cache/strategy/local_cache_middleware.rb:28:in `call'
  rack (1.6.1) lib/rack/lock.rb:17:in `call'
  actionpack (4.2.0) lib/action_dispatch/middleware/static.rb:113:in `call'
  rack (1.6.1) lib/rack/sendfile.rb:113:in `call'
  railties (4.2.0) lib/rails/engine.rb:518:in `call'
  railties (4.2.0) lib/rails/application.rb:164:in `call'
  rack (1.6.1) lib/rack/lock.rb:17:in `call'
  rack (1.6.1) lib/rack/content_length.rb:15:in `call'
  rack (1.6.1) lib/rack/handler/webrick.rb:89:in `service'
  /Users/alexschattner/.rbenv/versions/2.1.2/lib/ruby/2.1.0/webrick/httpserver.rb:138:in `service'
  /Users/alexschattner/.rbenv/versions/2.1.2/lib/ruby/2.1.0/webrick/httpserver.rb:94:in `run'
  /Users/alexschattner/.rbenv/versions/2.1.2/lib/ruby/2.1.0/webrick/server.rb:295:in `block in start_thread'


  Rendered /Users/alexschattner/.rbenv/versions/2.1.2/lib/ruby/gems/2.1.0/gems/actionpack-4.2.0/lib/action_dispatch/middleware/templates/rescues/missing_template.text.erb (1.1ms)
  Rendered /Users/alexschattner/.rbenv/versions/2.1.2/lib/ruby/gems/2.1.0/gems/web-console-2.1.2/lib/web_console/templates/_markup.html.erb (0.5ms)
  Rendered /Users/alexschattner/.rbenv/versions/2.1.2/lib/ruby/gems/2.1.0/gems/web-console-2.1.2/lib/web_console/templates/style.css.erb within layouts/inlined_string (0.5ms)
  Rendered /Users/alexschattner/.rbenv/versions/2.1.2/lib/ruby/gems/2.1.0/gems/web-console-2.1.2/lib/web_console/templates/_inner_console_markup.html.erb within layouts/inlined_string (0.4ms)
  Rendered /Users/alexschattner/.rbenv/versions/2.1.2/lib/ruby/gems/2.1.0/gems/web-console-2.1.2/lib/web_console/templates/_prompt_box_markup.html.erb within layouts/inlined_string (0.4ms)
  Rendered /Users/alexschattner/.rbenv/versions/2.1.2/lib/ruby/gems/2.1.0/gems/web-console-2.1.2/lib/web_console/templates/console.js.erb within layouts/javascript (17.3ms)
  Rendered /Users/alexschattner/.rbenv/versions/2.1.2/lib/ruby/gems/2.1.0/gems/web-console-2.1.2/lib/web_console/templates/main.js.erb within layouts/javascript (0.4ms)
  Rendered /Users/alexschattner/.rbenv/versions/2.1.2/lib/ruby/gems/2.1.0/gems/web-console-2.1.2/lib/web_console/templates/error_page.js.erb within layouts/javascript (0.6ms)
  Rendered /Users/alexschattner/.rbenv/versions/2.1.2/lib/ruby/gems/2.1.0/gems/web-console-2.1.2/lib/web_console/templates/index.html.erb (36.3ms)


Started GET "/" for ::1 at 2015-05-25 13:43:50 -0400
Processing by ApplicationController#index as HTML
  Rendered text template within layouts/application (0.0ms)
Completed 200 OK in 26ms (Views: 24.9ms | ActiveRecord: 0.0ms)


Started GET "/assets/application.self-e80e8f2318043e8af94dddc2adad5a4f09739a8ebb323b3ab31cd71d45fd9113.css?body=1" for ::1 at 2015-05-25 13:43:50 -0400


Started GET "/assets/turbolinks.self-c37727e9bd6b2735da5c311aa83fead54ed0be6cc8bd9a65309e9c5abe2cbfff.js?body=1" for ::1 at 2015-05-25 13:43:50 -0400


Started GET "/assets/application.self-8fbf555c9961056e82a4c3686155051eee3ee2534fb2cd68744e914d00e1c7f3.js?body=1" for ::1 at 2015-05-25 13:43:50 -0400


Started GET "/assets/jquery_ujs.self-8e98a7a072a6cee1372d19fff9ff3e6aa1e39a37d89d6f06861637d061113ee7.js?body=1" for ::1 at 2015-05-25 13:43:50 -0400


Started GET "/assets/jquery.self-d03a5518f45df77341bdbe6201ba3bfa547ebba8ed64f0ea56bfa5f96ea7c074.js?body=1" for ::1 at 2015-05-25 13:43:50 -0400


Started GET "/uptime" for ::1 at 2015-05-25 13:43:50 -0400
Processing by ProjectsController#uptime as */*
Completed 500 Internal Server Error in 7281ms

ActionView::MissingTemplate (Missing template projects/uptime, application/uptime with {:locale=>[:en], :formats=>[:html, :text, :js, :css, :ics, :csv, :vcf, :png, :jpeg, :gif, :bmp, :tiff, :mpeg, :xml, :rss, :atom, :yaml, :multipart_form, :url_encoded_form, :json, :pdf, :zip], :variants=>[], :handlers=>[:erb, :builder, :raw, :ruby, :coffee, :jbuilder]}. Searched in:
  * "/Users/alexschattner/repos_wdi/finance_info/app/views"
):
  actionview (4.2.0) lib/action_view/path_set.rb:46:in `find'
  actionview (4.2.0) lib/action_view/lookup_context.rb:121:in `find'
  actionview (4.2.0) lib/action_view/renderer/abstract_renderer.rb:18:in `find_template'
  actionview (4.2.0) lib/action_view/renderer/template_renderer.rb:40:in `determine_template'
  actionview (4.2.0) lib/action_view/renderer/template_renderer.rb:8:in `render'
  actionview (4.2.0) lib/action_view/renderer/renderer.rb:42:in `render_template'
  actionview (4.2.0) lib/action_view/renderer/renderer.rb:23:in `render'
  actionview (4.2.0) lib/action_view/rendering.rb:100:in `_render_template'
  actionpack (4.2.0) lib/action_controller/metal/streaming.rb:217:in `_render_template'
  actionview (4.2.0) lib/action_view/rendering.rb:83:in `render_to_body'
  actionpack (4.2.0) lib/action_controller/metal/rendering.rb:32:in `render_to_body'
  actionpack (4.2.0) lib/action_controller/metal/renderers.rb:37:in `render_to_body'
  actionpack (4.2.0) lib/abstract_controller/rendering.rb:25:in `render'
  actionpack (4.2.0) lib/action_controller/metal/rendering.rb:16:in `render'
  actionpack (4.2.0) lib/action_controller/metal/instrumentation.rb:41:in `block (2 levels) in render'
  activesupport (4.2.0) lib/active_support/core_ext/benchmark.rb:12:in `block in ms'
  /Users/alexschattner/.rbenv/versions/2.1.2/lib/ruby/2.1.0/benchmark.rb:294:in `realtime'
  activesupport (4.2.0) lib/active_support/core_ext/benchmark.rb:12:in `ms'
  actionpack (4.2.0) lib/action_controller/metal/instrumentation.rb:41:in `block in render'
  actionpack (4.2.0) lib/action_controller/metal/instrumentation.rb:84:in `cleanup_view_runtime'
  activerecord (4.2.0) lib/active_record/railties/controller_runtime.rb:25:in `cleanup_view_runtime'
  actionpack (4.2.0) lib/action_controller/metal/instrumentation.rb:40:in `render'
  actionpack (4.2.0) lib/action_controller/metal/implicit_render.rb:10:in `default_render'
  actionpack (4.2.0) lib/action_controller/metal/implicit_render.rb:5:in `send_action'
  actionpack (4.2.0) lib/abstract_controller/base.rb:198:in `process_action'
  actionpack (4.2.0) lib/action_controller/metal/rendering.rb:10:in `process_action'
  actionpack (4.2.0) lib/abstract_controller/callbacks.rb:20:in `block in process_action'
  activesupport (4.2.0) lib/active_support/callbacks.rb:117:in `call'
  activesupport (4.2.0) lib/active_support/callbacks.rb:117:in `call'
  activesupport (4.2.0) lib/active_support/callbacks.rb:234:in `block in halting'
  activesupport (4.2.0) lib/active_support/callbacks.rb:169:in `call'
  activesupport (4.2.0) lib/active_support/callbacks.rb:169:in `block in halting'
  activesupport (4.2.0) lib/active_support/callbacks.rb:169:in `call'
  activesupport (4.2.0) lib/active_support/callbacks.rb:169:in `block in halting'
  activesupport (4.2.0) lib/active_support/callbacks.rb:92:in `call'
  activesupport (4.2.0) lib/active_support/callbacks.rb:92:in `_run_callbacks'
  activesupport (4.2.0) lib/active_support/callbacks.rb:734:in `_run_process_action_callbacks'
  activesupport (4.2.0) lib/active_support/callbacks.rb:81:in `run_callbacks'
  actionpack (4.2.0) lib/abstract_controller/callbacks.rb:19:in `process_action'
  actionpack (4.2.0) lib/action_controller/metal/rescue.rb:29:in `process_action'
  actionpack (4.2.0) lib/action_controller/metal/instrumentation.rb:31:in `block in process_action'
  activesupport (4.2.0) lib/active_support/notifications.rb:164:in `block in instrument'
  activesupport (4.2.0) lib/active_support/notifications/instrumenter.rb:20:in `instrument'
  activesupport (4.2.0) lib/active_support/notifications.rb:164:in `instrument'
  actionpack (4.2.0) lib/action_controller/metal/instrumentation.rb:30:in `process_action'
  actionpack (4.2.0) lib/action_controller/metal/params_wrapper.rb:250:in `process_action'
  activerecord (4.2.0) lib/active_record/railties/controller_runtime.rb:18:in `process_action'
  actionpack (4.2.0) lib/abstract_controller/base.rb:137:in `process'
  actionview (4.2.0) lib/action_view/rendering.rb:30:in `process'
  actionpack (4.2.0) lib/action_controller/metal.rb:195:in `dispatch'
  actionpack (4.2.0) lib/action_controller/metal/rack_delegation.rb:13:in `dispatch'
  actionpack (4.2.0) lib/action_controller/metal.rb:236:in `block in action'
  actionpack (4.2.0) lib/action_dispatch/routing/route_set.rb:73:in `call'
  actionpack (4.2.0) lib/action_dispatch/routing/route_set.rb:73:in `dispatch'
  actionpack (4.2.0) lib/action_dispatch/routing/route_set.rb:42:in `serve'
  actionpack (4.2.0) lib/action_dispatch/journey/router.rb:43:in `block in serve'
  actionpack (4.2.0) lib/action_dispatch/journey/router.rb:30:in `each'
  actionpack (4.2.0) lib/action_dispatch/journey/router.rb:30:in `serve'
  actionpack (4.2.0) lib/action_dispatch/routing/route_set.rb:802:in `call'
  rack (1.6.1) lib/rack/etag.rb:24:in `call'
  rack (1.6.1) lib/rack/conditionalget.rb:25:in `call'
  rack (1.6.1) lib/rack/head.rb:13:in `call'
  actionpack (4.2.0) lib/action_dispatch/middleware/params_parser.rb:27:in `call'
  actionpack (4.2.0) lib/action_dispatch/middleware/flash.rb:260:in `call'
  rack (1.6.1) lib/rack/session/abstract/id.rb:225:in `context'
  rack (1.6.1) lib/rack/session/abstract/id.rb:220:in `call'
  actionpack (4.2.0) lib/action_dispatch/middleware/cookies.rb:560:in `call'
  activerecord (4.2.0) lib/active_record/query_cache.rb:36:in `call'
  activerecord (4.2.0) lib/active_record/connection_adapters/abstract/connection_pool.rb:647:in `call'
  activerecord (4.2.0) lib/active_record/migration.rb:378:in `call'
  actionpack (4.2.0) lib/action_dispatch/middleware/callbacks.rb:29:in `block in call'
  activesupport (4.2.0) lib/active_support/callbacks.rb:88:in `call'
  activesupport (4.2.0) lib/active_support/callbacks.rb:88:in `_run_callbacks'
  activesupport (4.2.0) lib/active_support/callbacks.rb:734:in `_run_call_callbacks'
  activesupport (4.2.0) lib/active_support/callbacks.rb:81:in `run_callbacks'
  actionpack (4.2.0) lib/action_dispatch/middleware/callbacks.rb:27:in `call'
  actionpack (4.2.0) lib/action_dispatch/middleware/reloader.rb:73:in `call'
  actionpack (4.2.0) lib/action_dispatch/middleware/remote_ip.rb:78:in `call'
  actionpack (4.2.0) lib/action_dispatch/middleware/debug_exceptions.rb:17:in `call'
  web-console (2.1.2) lib/web_console/middleware.rb:37:in `call'
  actionpack (4.2.0) lib/action_dispatch/middleware/show_exceptions.rb:30:in `call'
  railties (4.2.0) lib/rails/rack/logger.rb:38:in `call_app'
  railties (4.2.0) lib/rails/rack/logger.rb:20:in `block in call'
  activesupport (4.2.0) lib/active_support/tagged_logging.rb:68:in `block in tagged'
  activesupport (4.2.0) lib/active_support/tagged_logging.rb:26:in `tagged'
  activesupport (4.2.0) lib/active_support/tagged_logging.rb:68:in `tagged'
  railties (4.2.0) lib/rails/rack/logger.rb:20:in `call'
  actionpack (4.2.0) lib/action_dispatch/middleware/request_id.rb:21:in `call'
  rack (1.6.1) lib/rack/methodoverride.rb:22:in `call'
  rack (1.6.1) lib/rack/runtime.rb:18:in `call'
  activesupport (4.2.0) lib/active_support/cache/strategy/local_cache_middleware.rb:28:in `call'
  rack (1.6.1) lib/rack/lock.rb:17:in `call'
  actionpack (4.2.0) lib/action_dispatch/middleware/static.rb:113:in `call'
  rack (1.6.1) lib/rack/sendfile.rb:113:in `call'
  railties (4.2.0) lib/rails/engine.rb:518:in `call'
  railties (4.2.0) lib/rails/application.rb:164:in `call'
  rack (1.6.1) lib/rack/lock.rb:17:in `call'
  rack (1.6.1) lib/rack/content_length.rb:15:in `call'
  rack (1.6.1) lib/rack/handler/webrick.rb:89:in `service'
  /Users/alexschattner/.rbenv/versions/2.1.2/lib/ruby/2.1.0/webrick/httpserver.rb:138:in `service'
  /Users/alexschattner/.rbenv/versions/2.1.2/lib/ruby/2.1.0/webrick/httpserver.rb:94:in `run'
  /Users/alexschattner/.rbenv/versions/2.1.2/lib/ruby/2.1.0/webrick/server.rb:295:in `block in start_thread'


  Rendered /Users/alexschattner/.rbenv/versions/2.1.2/lib/ruby/gems/2.1.0/gems/actionpack-4.2.0/lib/action_dispatch/middleware/templates/rescues/missing_template.text.erb (0.5ms)
  Rendered /Users/alexschattner/.rbenv/versions/2.1.2/lib/ruby/gems/2.1.0/gems/web-console-2.1.2/lib/web_console/templates/_markup.html.erb (0.3ms)
  Rendered /Users/alexschattner/.rbenv/versions/2.1.2/lib/ruby/gems/2.1.0/gems/web-console-2.1.2/lib/web_console/templates/style.css.erb within layouts/inlined_string (0.3ms)
  Rendered /Users/alexschattner/.rbenv/versions/2.1.2/lib/ruby/gems/2.1.0/gems/web-console-2.1.2/lib/web_console/templates/_inner_console_markup.html.erb within layouts/inlined_string (0.3ms)
  Rendered /Users/alexschattner/.rbenv/versions/2.1.2/lib/ruby/gems/2.1.0/gems/web-console-2.1.2/lib/web_console/templates/_prompt_box_markup.html.erb within layouts/inlined_string (0.3ms)
  Rendered /Users/alexschattner/.rbenv/versions/2.1.2/lib/ruby/gems/2.1.0/gems/web-console-2.1.2/lib/web_console/templates/console.js.erb within layouts/javascript (15.5ms)
  Rendered /Users/alexschattner/.rbenv/versions/2.1.2/lib/ruby/gems/2.1.0/gems/web-console-2.1.2/lib/web_console/templates/main.js.erb within layouts/javascript (0.4ms)
  Rendered /Users/alexschattner/.rbenv/versions/2.1.2/lib/ruby/gems/2.1.0/gems/web-console-2.1.2/lib/web_console/templates/error_page.js.erb within layouts/javascript (0.6ms)
  Rendered /Users/alexschattner/.rbenv/versions/2.1.2/lib/ruby/gems/2.1.0/gems/web-console-2.1.2/lib/web_console/templates/index.html.erb (34.0ms)


Started GET "/" for ::1 at 2015-05-25 13:44:39 -0400
Processing by ApplicationController#index as HTML
  Rendered text template within layouts/application (0.0ms)
Completed 200 OK in 28ms (Views: 26.8ms | ActiveRecord: 0.0ms)


Started GET "/assets/application.self-e80e8f2318043e8af94dddc2adad5a4f09739a8ebb323b3ab31cd71d45fd9113.css?body=1" for ::1 at 2015-05-25 13:44:39 -0400


Started GET "/assets/jquery_ujs.self-8e98a7a072a6cee1372d19fff9ff3e6aa1e39a37d89d6f06861637d061113ee7.js?body=1" for ::1 at 2015-05-25 13:44:39 -0400


Started GET "/assets/application.self-8fbf555c9961056e82a4c3686155051eee3ee2534fb2cd68744e914d00e1c7f3.js?body=1" for ::1 at 2015-05-25 13:44:39 -0400


Started GET "/assets/jquery.self-d03a5518f45df77341bdbe6201ba3bfa547ebba8ed64f0ea56bfa5f96ea7c074.js?body=1" for ::1 at 2015-05-25 13:44:39 -0400


Started GET "/assets/turbolinks.self-c37727e9bd6b2735da5c311aa83fead54ed0be6cc8bd9a65309e9c5abe2cbfff.js?body=1" for ::1 at 2015-05-25 13:44:39 -0400


Started GET "/uptime" for ::1 at 2015-05-25 13:44:39 -0400
Processing by ProjectsController#uptime as */*
Completed 500 Internal Server Error in 213ms

Selenium::WebDriver::Error::WebDriverError (Unable to find the chromedriver executable. Please download the server from http://chromedriver.storage.googleapis.com/index.html and place it somewhere on your PATH. More info at http://code.google.com/p/selenium/wiki/ChromeDriver.):
  app/controllers/projects_controller.rb:4:in `uptime'


  Rendered /Users/alexschattner/.rbenv/versions/2.1.2/lib/ruby/gems/2.1.0/gems/actionpack-4.2.0/lib/action_dispatch/middleware/templates/rescues/_source.erb (3.1ms)
  Rendered /Users/alexschattner/.rbenv/versions/2.1.2/lib/ruby/gems/2.1.0/gems/actionpack-4.2.0/lib/action_dispatch/middleware/templates/rescues/_trace.text.erb (0.8ms)
  Rendered /Users/alexschattner/.rbenv/versions/2.1.2/lib/ruby/gems/2.1.0/gems/actionpack-4.2.0/lib/action_dispatch/middleware/templates/rescues/_request_and_response.text.erb (0.9ms)
  Rendered /Users/alexschattner/.rbenv/versions/2.1.2/lib/ruby/gems/2.1.0/gems/actionpack-4.2.0/lib/action_dispatch/middleware/templates/rescues/diagnostics.text.erb (18.2ms)
  Rendered /Users/alexschattner/.rbenv/versions/2.1.2/lib/ruby/gems/2.1.0/gems/web-console-2.1.2/lib/web_console/templates/_markup.html.erb (0.6ms)
  Rendered /Users/alexschattner/.rbenv/versions/2.1.2/lib/ruby/gems/2.1.0/gems/web-console-2.1.2/lib/web_console/templates/style.css.erb within layouts/inlined_string (0.4ms)
  Rendered /Users/alexschattner/.rbenv/versions/2.1.2/lib/ruby/gems/2.1.0/gems/web-console-2.1.2/lib/web_console/templates/_inner_console_markup.html.erb within layouts/inlined_string (0.4ms)
  Rendered /Users/alexschattner/.rbenv/versions/2.1.2/lib/ruby/gems/2.1.0/gems/web-console-2.1.2/lib/web_console/templates/_prompt_box_markup.html.erb within layouts/inlined_string (0.3ms)
  Rendered /Users/alexschattner/.rbenv/versions/2.1.2/lib/ruby/gems/2.1.0/gems/web-console-2.1.2/lib/web_console/templates/console.js.erb within layouts/javascript (16.2ms)
  Rendered /Users/alexschattner/.rbenv/versions/2.1.2/lib/ruby/gems/2.1.0/gems/web-console-2.1.2/lib/web_console/templates/main.js.erb within layouts/javascript (0.5ms)
  Rendered /Users/alexschattner/.rbenv/versions/2.1.2/lib/ruby/gems/2.1.0/gems/web-console-2.1.2/lib/web_console/templates/error_page.js.erb within layouts/javascript (0.5ms)
  Rendered /Users/alexschattner/.rbenv/versions/2.1.2/lib/ruby/gems/2.1.0/gems/web-console-2.1.2/lib/web_console/templates/index.html.erb (35.0ms)


Started GET "/" for ::1 at 2015-05-25 13:46:10 -0400
Processing by ApplicationController#index as HTML
  Rendered text template within layouts/application (0.0ms)
Completed 200 OK in 22ms (Views: 21.6ms | ActiveRecord: 0.0ms)


Started GET "/assets/application.self-e80e8f2318043e8af94dddc2adad5a4f09739a8ebb323b3ab31cd71d45fd9113.css?body=1" for ::1 at 2015-05-25 13:46:10 -0400


Started GET "/assets/turbolinks.self-c37727e9bd6b2735da5c311aa83fead54ed0be6cc8bd9a65309e9c5abe2cbfff.js?body=1" for ::1 at 2015-05-25 13:46:10 -0400


Started GET "/assets/jquery_ujs.self-8e98a7a072a6cee1372d19fff9ff3e6aa1e39a37d89d6f06861637d061113ee7.js?body=1" for ::1 at 2015-05-25 13:46:10 -0400


Started GET "/assets/jquery.self-d03a5518f45df77341bdbe6201ba3bfa547ebba8ed64f0ea56bfa5f96ea7c074.js?body=1" for ::1 at 2015-05-25 13:46:10 -0400


Started GET "/assets/application.self-8fbf555c9961056e82a4c3686155051eee3ee2534fb2cd68744e914d00e1c7f3.js?body=1" for ::1 at 2015-05-25 13:46:10 -0400


Started GET "/uptime" for ::1 at 2015-05-25 13:46:10 -0400
Processing by ProjectsController#uptime as */*
Completed 500 Internal Server Error in 6141ms

ActionView::MissingTemplate (Missing template projects/uptime, application/uptime with {:locale=>[:en], :formats=>[:html, :text, :js, :css, :ics, :csv, :vcf, :png, :jpeg, :gif, :bmp, :tiff, :mpeg, :xml, :rss, :atom, :yaml, :multipart_form, :url_encoded_form, :json, :pdf, :zip], :variants=>[], :handlers=>[:erb, :builder, :raw, :ruby, :coffee, :jbuilder]}. Searched in:
  * "/Users/alexschattner/repos_wdi/finance_info/app/views"
):
  actionview (4.2.0) lib/action_view/path_set.rb:46:in `find'
  actionview (4.2.0) lib/action_view/lookup_context.rb:121:in `find'
  actionview (4.2.0) lib/action_view/renderer/abstract_renderer.rb:18:in `find_template'
  actionview (4.2.0) lib/action_view/renderer/template_renderer.rb:40:in `determine_template'
  actionview (4.2.0) lib/action_view/renderer/template_renderer.rb:8:in `render'
  actionview (4.2.0) lib/action_view/renderer/renderer.rb:42:in `render_template'
  actionview (4.2.0) lib/action_view/renderer/renderer.rb:23:in `render'
  actionview (4.2.0) lib/action_view/rendering.rb:100:in `_render_template'
  actionpack (4.2.0) lib/action_controller/metal/streaming.rb:217:in `_render_template'
  actionview (4.2.0) lib/action_view/rendering.rb:83:in `render_to_body'
  actionpack (4.2.0) lib/action_controller/metal/rendering.rb:32:in `render_to_body'
  actionpack (4.2.0) lib/action_controller/metal/renderers.rb:37:in `render_to_body'
  actionpack (4.2.0) lib/abstract_controller/rendering.rb:25:in `render'
  actionpack (4.2.0) lib/action_controller/metal/rendering.rb:16:in `render'
  actionpack (4.2.0) lib/action_controller/metal/instrumentation.rb:41:in `block (2 levels) in render'
  activesupport (4.2.0) lib/active_support/core_ext/benchmark.rb:12:in `block in ms'
  /Users/alexschattner/.rbenv/versions/2.1.2/lib/ruby/2.1.0/benchmark.rb:294:in `realtime'
  activesupport (4.2.0) lib/active_support/core_ext/benchmark.rb:12:in `ms'
  actionpack (4.2.0) lib/action_controller/metal/instrumentation.rb:41:in `block in render'
  actionpack (4.2.0) lib/action_controller/metal/instrumentation.rb:84:in `cleanup_view_runtime'
  activerecord (4.2.0) lib/active_record/railties/controller_runtime.rb:25:in `cleanup_view_runtime'
  actionpack (4.2.0) lib/action_controller/metal/instrumentation.rb:40:in `render'
  actionpack (4.2.0) lib/action_controller/metal/implicit_render.rb:10:in `default_render'
  actionpack (4.2.0) lib/action_controller/metal/implicit_render.rb:5:in `send_action'
  actionpack (4.2.0) lib/abstract_controller/base.rb:198:in `process_action'
  actionpack (4.2.0) lib/action_controller/metal/rendering.rb:10:in `process_action'
  actionpack (4.2.0) lib/abstract_controller/callbacks.rb:20:in `block in process_action'
  activesupport (4.2.0) lib/active_support/callbacks.rb:117:in `call'
  activesupport (4.2.0) lib/active_support/callbacks.rb:117:in `call'
  activesupport (4.2.0) lib/active_support/callbacks.rb:234:in `block in halting'
  activesupport (4.2.0) lib/active_support/callbacks.rb:169:in `call'
  activesupport (4.2.0) lib/active_support/callbacks.rb:169:in `block in halting'
  activesupport (4.2.0) lib/active_support/callbacks.rb:169:in `call'
  activesupport (4.2.0) lib/active_support/callbacks.rb:169:in `block in halting'
  activesupport (4.2.0) lib/active_support/callbacks.rb:92:in `call'
  activesupport (4.2.0) lib/active_support/callbacks.rb:92:in `_run_callbacks'
  activesupport (4.2.0) lib/active_support/callbacks.rb:734:in `_run_process_action_callbacks'
  activesupport (4.2.0) lib/active_support/callbacks.rb:81:in `run_callbacks'
  actionpack (4.2.0) lib/abstract_controller/callbacks.rb:19:in `process_action'
  actionpack (4.2.0) lib/action_controller/metal/rescue.rb:29:in `process_action'
  actionpack (4.2.0) lib/action_controller/metal/instrumentation.rb:31:in `block in process_action'
  activesupport (4.2.0) lib/active_support/notifications.rb:164:in `block in instrument'
  activesupport (4.2.0) lib/active_support/notifications/instrumenter.rb:20:in `instrument'
  activesupport (4.2.0) lib/active_support/notifications.rb:164:in `instrument'
  actionpack (4.2.0) lib/action_controller/metal/instrumentation.rb:30:in `process_action'
  actionpack (4.2.0) lib/action_controller/metal/params_wrapper.rb:250:in `process_action'
  activerecord (4.2.0) lib/active_record/railties/controller_runtime.rb:18:in `process_action'
  actionpack (4.2.0) lib/abstract_controller/base.rb:137:in `process'
  actionview (4.2.0) lib/action_view/rendering.rb:30:in `process'
  actionpack (4.2.0) lib/action_controller/metal.rb:195:in `dispatch'
  actionpack (4.2.0) lib/action_controller/metal/rack_delegation.rb:13:in `dispatch'
  actionpack (4.2.0) lib/action_controller/metal.rb:236:in `block in action'
  actionpack (4.2.0) lib/action_dispatch/routing/route_set.rb:73:in `call'
  actionpack (4.2.0) lib/action_dispatch/routing/route_set.rb:73:in `dispatch'
  actionpack (4.2.0) lib/action_dispatch/routing/route_set.rb:42:in `serve'
  actionpack (4.2.0) lib/action_dispatch/journey/router.rb:43:in `block in serve'
  actionpack (4.2.0) lib/action_dispatch/journey/router.rb:30:in `each'
  actionpack (4.2.0) lib/action_dispatch/journey/router.rb:30:in `serve'
  actionpack (4.2.0) lib/action_dispatch/routing/route_set.rb:802:in `call'
  rack (1.6.1) lib/rack/etag.rb:24:in `call'
  rack (1.6.1) lib/rack/conditionalget.rb:25:in `call'
  rack (1.6.1) lib/rack/head.rb:13:in `call'
  actionpack (4.2.0) lib/action_dispatch/middleware/params_parser.rb:27:in `call'
  actionpack (4.2.0) lib/action_dispatch/middleware/flash.rb:260:in `call'
  rack (1.6.1) lib/rack/session/abstract/id.rb:225:in `context'
  rack (1.6.1) lib/rack/session/abstract/id.rb:220:in `call'
  actionpack (4.2.0) lib/action_dispatch/middleware/cookies.rb:560:in `call'
  activerecord (4.2.0) lib/active_record/query_cache.rb:36:in `call'
  activerecord (4.2.0) lib/active_record/connection_adapters/abstract/connection_pool.rb:647:in `call'
  activerecord (4.2.0) lib/active_record/migration.rb:378:in `call'
  actionpack (4.2.0) lib/action_dispatch/middleware/callbacks.rb:29:in `block in call'
  activesupport (4.2.0) lib/active_support/callbacks.rb:88:in `call'
  activesupport (4.2.0) lib/active_support/callbacks.rb:88:in `_run_callbacks'
  activesupport (4.2.0) lib/active_support/callbacks.rb:734:in `_run_call_callbacks'
  activesupport (4.2.0) lib/active_support/callbacks.rb:81:in `run_callbacks'
  actionpack (4.2.0) lib/action_dispatch/middleware/callbacks.rb:27:in `call'
  actionpack (4.2.0) lib/action_dispatch/middleware/reloader.rb:73:in `call'
  actionpack (4.2.0) lib/action_dispatch/middleware/remote_ip.rb:78:in `call'
  actionpack (4.2.0) lib/action_dispatch/middleware/debug_exceptions.rb:17:in `call'
  web-console (2.1.2) lib/web_console/middleware.rb:37:in `call'
  actionpack (4.2.0) lib/action_dispatch/middleware/show_exceptions.rb:30:in `call'
  railties (4.2.0) lib/rails/rack/logger.rb:38:in `call_app'
  railties (4.2.0) lib/rails/rack/logger.rb:20:in `block in call'
  activesupport (4.2.0) lib/active_support/tagged_logging.rb:68:in `block in tagged'
  activesupport (4.2.0) lib/active_support/tagged_logging.rb:26:in `tagged'
  activesupport (4.2.0) lib/active_support/tagged_logging.rb:68:in `tagged'
  railties (4.2.0) lib/rails/rack/logger.rb:20:in `call'
  actionpack (4.2.0) lib/action_dispatch/middleware/request_id.rb:21:in `call'
  rack (1.6.1) lib/rack/methodoverride.rb:22:in `call'
  rack (1.6.1) lib/rack/runtime.rb:18:in `call'
  activesupport (4.2.0) lib/active_support/cache/strategy/local_cache_middleware.rb:28:in `call'
  rack (1.6.1) lib/rack/lock.rb:17:in `call'
  actionpack (4.2.0) lib/action_dispatch/middleware/static.rb:113:in `call'
  rack (1.6.1) lib/rack/sendfile.rb:113:in `call'
  railties (4.2.0) lib/rails/engine.rb:518:in `call'
  railties (4.2.0) lib/rails/application.rb:164:in `call'
  rack (1.6.1) lib/rack/lock.rb:17:in `call'
  rack (1.6.1) lib/rack/content_length.rb:15:in `call'
  rack (1.6.1) lib/rack/handler/webrick.rb:89:in `service'
  /Users/alexschattner/.rbenv/versions/2.1.2/lib/ruby/2.1.0/webrick/httpserver.rb:138:in `service'
  /Users/alexschattner/.rbenv/versions/2.1.2/lib/ruby/2.1.0/webrick/httpserver.rb:94:in `run'
  /Users/alexschattner/.rbenv/versions/2.1.2/lib/ruby/2.1.0/webrick/server.rb:295:in `block in start_thread'


  Rendered /Users/alexschattner/.rbenv/versions/2.1.2/lib/ruby/gems/2.1.0/gems/actionpack-4.2.0/lib/action_dispatch/middleware/templates/rescues/missing_template.text.erb (0.5ms)
  Rendered /Users/alexschattner/.rbenv/versions/2.1.2/lib/ruby/gems/2.1.0/gems/web-console-2.1.2/lib/web_console/templates/_markup.html.erb (0.5ms)
  Rendered /Users/alexschattner/.rbenv/versions/2.1.2/lib/ruby/gems/2.1.0/gems/web-console-2.1.2/lib/web_console/templates/style.css.erb within layouts/inlined_string (0.3ms)
  Rendered /Users/alexschattner/.rbenv/versions/2.1.2/lib/ruby/gems/2.1.0/gems/web-console-2.1.2/lib/web_console/templates/_inner_console_markup.html.erb within layouts/inlined_string (0.3ms)
  Rendered /Users/alexschattner/.rbenv/versions/2.1.2/lib/ruby/gems/2.1.0/gems/web-console-2.1.2/lib/web_console/templates/_prompt_box_markup.html.erb within layouts/inlined_string (0.3ms)
  Rendered /Users/alexschattner/.rbenv/versions/2.1.2/lib/ruby/gems/2.1.0/gems/web-console-2.1.2/lib/web_console/templates/console.js.erb within layouts/javascript (15.5ms)
  Rendered /Users/alexschattner/.rbenv/versions/2.1.2/lib/ruby/gems/2.1.0/gems/web-console-2.1.2/lib/web_console/templates/main.js.erb within layouts/javascript (0.3ms)
  Rendered /Users/alexschattner/.rbenv/versions/2.1.2/lib/ruby/gems/2.1.0/gems/web-console-2.1.2/lib/web_console/templates/error_page.js.erb within layouts/javascript (0.5ms)
  Rendered /Users/alexschattner/.rbenv/versions/2.1.2/lib/ruby/gems/2.1.0/gems/web-console-2.1.2/lib/web_console/templates/index.html.erb (34.1ms)


Started GET "/" for ::1 at 2015-05-26 09:02:09 -0400
Processing by ApplicationController#index as HTML
  Rendered text template within layouts/application (0.2ms)
Completed 200 OK in 1698ms (Views: 1635.9ms | ActiveRecord: 0.0ms)


Started GET "/assets/application.self-70cc883999f5eb08077b752996deae1309f926edde51bf59f375f60dc5d8a146.js?body=1" for ::1 at 2015-05-26 09:02:19 -0400


Started GET "/assets/application.self-e80e8f2318043e8af94dddc2adad5a4f09739a8ebb323b3ab31cd71d45fd9113.css?body=1" for ::1 at 2015-05-26 09:02:19 -0400


Started GET "/assets/jquery_ujs.self-8e98a7a072a6cee1372d19fff9ff3e6aa1e39a37d89d6f06861637d061113ee7.js?body=1" for ::1 at 2015-05-26 09:02:20 -0400


Started GET "/assets/jquery.self-d03a5518f45df77341bdbe6201ba3bfa547ebba8ed64f0ea56bfa5f96ea7c074.js?body=1" for ::1 at 2015-05-26 09:02:20 -0400


Started GET "/assets/turbolinks.self-c37727e9bd6b2735da5c311aa83fead54ed0be6cc8bd9a65309e9c5abe2cbfff.js?body=1" for ::1 at 2015-05-26 09:02:20 -0400


Started GET "/uptime" for ::1 at 2015-05-26 09:02:22 -0400
Processing by ProjectsController#uptime as */*
Completed 500 Internal Server Error in 61939ms

Selenium::WebDriver::Error::NoSuchElementError (Unable to locate element: {"method":"id","selector":"UI_Tools_Url"}):
  app/controllers/projects_controller.rb:7:in `uptime'


  Rendered /Users/alexschattner/.rbenv/versions/2.1.2/lib/ruby/gems/2.1.0/gems/actionpack-4.2.0/lib/action_dispatch/middleware/templates/rescues/_source.erb (57.8ms)
  Rendered /Users/alexschattner/.rbenv/versions/2.1.2/lib/ruby/gems/2.1.0/gems/actionpack-4.2.0/lib/action_dispatch/middleware/templates/rescues/_trace.text.erb (109.4ms)
  Rendered /Users/alexschattner/.rbenv/versions/2.1.2/lib/ruby/gems/2.1.0/gems/actionpack-4.2.0/lib/action_dispatch/middleware/templates/rescues/_request_and_response.text.erb (64.8ms)
  Rendered /Users/alexschattner/.rbenv/versions/2.1.2/lib/ruby/gems/2.1.0/gems/actionpack-4.2.0/lib/action_dispatch/middleware/templates/rescues/diagnostics.text.erb (609.8ms)
  Rendered /Users/alexschattner/.rbenv/versions/2.1.2/lib/ruby/gems/2.1.0/gems/web-console-2.1.2/lib/web_console/templates/_markup.html.erb (7.7ms)
  Rendered /Users/alexschattner/.rbenv/versions/2.1.2/lib/ruby/gems/2.1.0/gems/web-console-2.1.2/lib/web_console/templates/style.css.erb within layouts/inlined_string (1.0ms)
  Rendered /Users/alexschattner/.rbenv/versions/2.1.2/lib/ruby/gems/2.1.0/gems/web-console-2.1.2/lib/web_console/templates/_inner_console_markup.html.erb within layouts/inlined_string (0.6ms)
  Rendered /Users/alexschattner/.rbenv/versions/2.1.2/lib/ruby/gems/2.1.0/gems/web-console-2.1.2/lib/web_console/templates/_prompt_box_markup.html.erb within layouts/inlined_string (1.0ms)
  Rendered /Users/alexschattner/.rbenv/versions/2.1.2/lib/ruby/gems/2.1.0/gems/web-console-2.1.2/lib/web_console/templates/console.js.erb within layouts/javascript (128.1ms)
  Rendered /Users/alexschattner/.rbenv/versions/2.1.2/lib/ruby/gems/2.1.0/gems/web-console-2.1.2/lib/web_console/templates/main.js.erb within layouts/javascript (1.1ms)
  Rendered /Users/alexschattner/.rbenv/versions/2.1.2/lib/ruby/gems/2.1.0/gems/web-console-2.1.2/lib/web_console/templates/error_page.js.erb within layouts/javascript (23.1ms)
  Rendered /Users/alexschattner/.rbenv/versions/2.1.2/lib/ruby/gems/2.1.0/gems/web-console-2.1.2/lib/web_console/templates/index.html.erb (392.5ms)


Started GET "/" for ::1 at 2015-05-26 11:53:28 -0400
Processing by ApplicationController#index as HTML
  Rendered text template within layouts/application (0.0ms)
Completed 200 OK in 300ms (Views: 276.2ms | ActiveRecord: 0.0ms)


Started GET "/assets/application.self-e80e8f2318043e8af94dddc2adad5a4f09739a8ebb323b3ab31cd71d45fd9113.css?body=1" for ::1 at 2015-05-26 11:53:29 -0400


Started GET "/assets/jquery_ujs.self-8e98a7a072a6cee1372d19fff9ff3e6aa1e39a37d89d6f06861637d061113ee7.js?body=1" for ::1 at 2015-05-26 11:53:30 -0400


Started GET "/assets/jquery.self-d03a5518f45df77341bdbe6201ba3bfa547ebba8ed64f0ea56bfa5f96ea7c074.js?body=1" for ::1 at 2015-05-26 11:53:30 -0400


Started GET "/assets/application.self-70cc883999f5eb08077b752996deae1309f926edde51bf59f375f60dc5d8a146.js?body=1" for ::1 at 2015-05-26 11:53:30 -0400


Started GET "/assets/turbolinks.self-c37727e9bd6b2735da5c311aa83fead54ed0be6cc8bd9a65309e9c5abe2cbfff.js?body=1" for ::1 at 2015-05-26 11:53:30 -0400


Started GET "/uptime" for ::1 at 2015-05-26 11:53:30 -0400
Processing by ProjectsController#uptime as */*
Completed 500 Internal Server Error in 174ms

Selenium::WebDriver::Error::WebDriverError (Unable to find the chromedriver executable. Please download the server from http://chromedriver.storage.googleapis.com/index.html and place it somewhere on your PATH. More info at http://code.google.com/p/selenium/wiki/ChromeDriver.):
  app/controllers/projects_controller.rb:4:in `uptime'


  Rendered /Users/alexschattner/.rbenv/versions/2.1.2/lib/ruby/gems/2.1.0/gems/actionpack-4.2.0/lib/action_dispatch/middleware/templates/rescues/_source.erb (4.3ms)
  Rendered /Users/alexschattner/.rbenv/versions/2.1.2/lib/ruby/gems/2.1.0/gems/actionpack-4.2.0/lib/action_dispatch/middleware/templates/rescues/_trace.text.erb (1.6ms)
  Rendered /Users/alexschattner/.rbenv/versions/2.1.2/lib/ruby/gems/2.1.0/gems/actionpack-4.2.0/lib/action_dispatch/middleware/templates/rescues/_request_and_response.text.erb (1.6ms)
  Rendered /Users/alexschattner/.rbenv/versions/2.1.2/lib/ruby/gems/2.1.0/gems/actionpack-4.2.0/lib/action_dispatch/middleware/templates/rescues/diagnostics.text.erb (89.4ms)
  Rendered /Users/alexschattner/.rbenv/versions/2.1.2/lib/ruby/gems/2.1.0/gems/web-console-2.1.2/lib/web_console/templates/_markup.html.erb (0.6ms)
  Rendered /Users/alexschattner/.rbenv/versions/2.1.2/lib/ruby/gems/2.1.0/gems/web-console-2.1.2/lib/web_console/templates/style.css.erb within layouts/inlined_string (4.1ms)
  Rendered /Users/alexschattner/.rbenv/versions/2.1.2/lib/ruby/gems/2.1.0/gems/web-console-2.1.2/lib/web_console/templates/_inner_console_markup.html.erb within layouts/inlined_string (0.3ms)
  Rendered /Users/alexschattner/.rbenv/versions/2.1.2/lib/ruby/gems/2.1.0/gems/web-console-2.1.2/lib/web_console/templates/_prompt_box_markup.html.erb within layouts/inlined_string (0.8ms)
  Rendered /Users/alexschattner/.rbenv/versions/2.1.2/lib/ruby/gems/2.1.0/gems/web-console-2.1.2/lib/web_console/templates/console.js.erb within layouts/javascript (72.2ms)
  Rendered /Users/alexschattner/.rbenv/versions/2.1.2/lib/ruby/gems/2.1.0/gems/web-console-2.1.2/lib/web_console/templates/main.js.erb within layouts/javascript (0.4ms)
  Rendered /Users/alexschattner/.rbenv/versions/2.1.2/lib/ruby/gems/2.1.0/gems/web-console-2.1.2/lib/web_console/templates/error_page.js.erb within layouts/javascript (11.1ms)
  Rendered /Users/alexschattner/.rbenv/versions/2.1.2/lib/ruby/gems/2.1.0/gems/web-console-2.1.2/lib/web_console/templates/index.html.erb (163.1ms)


Started GET "/" for ::1 at 2015-05-26 11:53:41 -0400
Processing by ApplicationController#index as HTML
  Rendered text template within layouts/application (0.0ms)
Completed 200 OK in 66ms (Views: 65.2ms | ActiveRecord: 0.0ms)


Started GET "/assets/application.self-e80e8f2318043e8af94dddc2adad5a4f09739a8ebb323b3ab31cd71d45fd9113.css?body=1" for ::1 at 2015-05-26 11:53:41 -0400


Started GET "/assets/jquery_ujs.self-8e98a7a072a6cee1372d19fff9ff3e6aa1e39a37d89d6f06861637d061113ee7.js?body=1" for ::1 at 2015-05-26 11:53:41 -0400


Started GET "/assets/jquery.self-d03a5518f45df77341bdbe6201ba3bfa547ebba8ed64f0ea56bfa5f96ea7c074.js?body=1" for ::1 at 2015-05-26 11:53:41 -0400


Started GET "/assets/application.self-70cc883999f5eb08077b752996deae1309f926edde51bf59f375f60dc5d8a146.js?body=1" for ::1 at 2015-05-26 11:53:42 -0400


Started GET "/assets/turbolinks.self-c37727e9bd6b2735da5c311aa83fead54ed0be6cc8bd9a65309e9c5abe2cbfff.js?body=1" for ::1 at 2015-05-26 11:53:42 -0400


Started GET "/uptime" for ::1 at 2015-05-26 11:53:42 -0400
Processing by ProjectsController#uptime as */*
Completed 500 Internal Server Error in 33595ms

NoMethodError (undefined method `findsById' for #<Selenium::WebDriver::Driver:0x007ffdbba66178>):
  app/controllers/projects_controller.rb:7:in `uptime'


  Rendered /Users/alexschattner/.rbenv/versions/2.1.2/lib/ruby/gems/2.1.0/gems/actionpack-4.2.0/lib/action_dispatch/middleware/templates/rescues/_source.erb (19.1ms)
  Rendered /Users/alexschattner/.rbenv/versions/2.1.2/lib/ruby/gems/2.1.0/gems/actionpack-4.2.0/lib/action_dispatch/middleware/templates/rescues/_trace.text.erb (0.8ms)
  Rendered /Users/alexschattner/.rbenv/versions/2.1.2/lib/ruby/gems/2.1.0/gems/actionpack-4.2.0/lib/action_dispatch/middleware/templates/rescues/_request_and_response.text.erb (23.6ms)
  Rendered /Users/alexschattner/.rbenv/versions/2.1.2/lib/ruby/gems/2.1.0/gems/actionpack-4.2.0/lib/action_dispatch/middleware/templates/rescues/diagnostics.text.erb (57.5ms)
  Rendered /Users/alexschattner/.rbenv/versions/2.1.2/lib/ruby/gems/2.1.0/gems/web-console-2.1.2/lib/web_console/templates/_markup.html.erb (0.3ms)
  Rendered /Users/alexschattner/.rbenv/versions/2.1.2/lib/ruby/gems/2.1.0/gems/web-console-2.1.2/lib/web_console/templates/style.css.erb within layouts/inlined_string (0.6ms)
  Rendered /Users/alexschattner/.rbenv/versions/2.1.2/lib/ruby/gems/2.1.0/gems/web-console-2.1.2/lib/web_console/templates/_inner_console_markup.html.erb within layouts/inlined_string (0.4ms)
  Rendered /Users/alexschattner/.rbenv/versions/2.1.2/lib/ruby/gems/2.1.0/gems/web-console-2.1.2/lib/web_console/templates/_prompt_box_markup.html.erb within layouts/inlined_string (0.3ms)
  Rendered /Users/alexschattner/.rbenv/versions/2.1.2/lib/ruby/gems/2.1.0/gems/web-console-2.1.2/lib/web_console/templates/console.js.erb within layouts/javascript (46.8ms)
  Rendered /Users/alexschattner/.rbenv/versions/2.1.2/lib/ruby/gems/2.1.0/gems/web-console-2.1.2/lib/web_console/templates/main.js.erb within layouts/javascript (0.3ms)
  Rendered /Users/alexschattner/.rbenv/versions/2.1.2/lib/ruby/gems/2.1.0/gems/web-console-2.1.2/lib/web_console/templates/error_page.js.erb within layouts/javascript (0.5ms)
  Rendered /Users/alexschattner/.rbenv/versions/2.1.2/lib/ruby/gems/2.1.0/gems/web-console-2.1.2/lib/web_console/templates/index.html.erb (65.3ms)


Started GET "/" for ::1 at 2015-05-26 13:28:57 -0400
Processing by ApplicationController#index as HTML
  Rendered text template within layouts/application (0.0ms)
Completed 200 OK in 118ms (Views: 116.5ms | ActiveRecord: 0.0ms)


Started GET "/assets/application.self-e80e8f2318043e8af94dddc2adad5a4f09739a8ebb323b3ab31cd71d45fd9113.css?body=1" for ::1 at 2015-05-26 13:28:57 -0400


Started GET "/assets/jquery.self-d03a5518f45df77341bdbe6201ba3bfa547ebba8ed64f0ea56bfa5f96ea7c074.js?body=1" for ::1 at 2015-05-26 13:28:57 -0400


Started GET "/assets/jquery_ujs.self-8e98a7a072a6cee1372d19fff9ff3e6aa1e39a37d89d6f06861637d061113ee7.js?body=1" for ::1 at 2015-05-26 13:28:57 -0400


Started GET "/assets/application.self-70cc883999f5eb08077b752996deae1309f926edde51bf59f375f60dc5d8a146.js?body=1" for ::1 at 2015-05-26 13:28:57 -0400


Started GET "/assets/turbolinks.self-c37727e9bd6b2735da5c311aa83fead54ed0be6cc8bd9a65309e9c5abe2cbfff.js?body=1" for ::1 at 2015-05-26 13:28:57 -0400


Started GET "/uptime" for ::1 at 2015-05-26 13:28:57 -0400
Processing by ProjectsController#uptime as */*
Completed 500 Internal Server Error in 24832ms

NoMethodError (undefined method `findsById' for #<Selenium::WebDriver::Driver:0x007ffdbba7f8a8>):
  app/controllers/projects_controller.rb:7:in `uptime'


  Rendered /Users/alexschattner/.rbenv/versions/2.1.2/lib/ruby/gems/2.1.0/gems/actionpack-4.2.0/lib/action_dispatch/middleware/templates/rescues/_source.erb (307.2ms)
  Rendered /Users/alexschattner/.rbenv/versions/2.1.2/lib/ruby/gems/2.1.0/gems/actionpack-4.2.0/lib/action_dispatch/middleware/templates/rescues/_trace.text.erb (0.8ms)
  Rendered /Users/alexschattner/.rbenv/versions/2.1.2/lib/ruby/gems/2.1.0/gems/actionpack-4.2.0/lib/action_dispatch/middleware/templates/rescues/_request_and_response.text.erb (0.7ms)
  Rendered /Users/alexschattner/.rbenv/versions/2.1.2/lib/ruby/gems/2.1.0/gems/actionpack-4.2.0/lib/action_dispatch/middleware/templates/rescues/diagnostics.text.erb (323.9ms)
  Rendered /Users/alexschattner/.rbenv/versions/2.1.2/lib/ruby/gems/2.1.0/gems/web-console-2.1.2/lib/web_console/templates/_markup.html.erb (0.4ms)
  Rendered /Users/alexschattner/.rbenv/versions/2.1.2/lib/ruby/gems/2.1.0/gems/web-console-2.1.2/lib/web_console/templates/style.css.erb within layouts/inlined_string (0.3ms)
  Rendered /Users/alexschattner/.rbenv/versions/2.1.2/lib/ruby/gems/2.1.0/gems/web-console-2.1.2/lib/web_console/templates/_inner_console_markup.html.erb within layouts/inlined_string (0.2ms)
  Rendered /Users/alexschattner/.rbenv/versions/2.1.2/lib/ruby/gems/2.1.0/gems/web-console-2.1.2/lib/web_console/templates/_prompt_box_markup.html.erb within layouts/inlined_string (0.3ms)
  Rendered /Users/alexschattner/.rbenv/versions/2.1.2/lib/ruby/gems/2.1.0/gems/web-console-2.1.2/lib/web_console/templates/console.js.erb within layouts/javascript (65.7ms)
  Rendered /Users/alexschattner/.rbenv/versions/2.1.2/lib/ruby/gems/2.1.0/gems/web-console-2.1.2/lib/web_console/templates/main.js.erb within layouts/javascript (0.3ms)
  Rendered /Users/alexschattner/.rbenv/versions/2.1.2/lib/ruby/gems/2.1.0/gems/web-console-2.1.2/lib/web_console/templates/error_page.js.erb within layouts/javascript (0.4ms)
  Rendered /Users/alexschattner/.rbenv/versions/2.1.2/lib/ruby/gems/2.1.0/gems/web-console-2.1.2/lib/web_console/templates/index.html.erb (422.9ms)


Started GET "/" for ::1 at 2015-05-26 13:59:55 -0400
Processing by ApplicationController#index as HTML
  Rendered text template within layouts/application (0.0ms)
Completed 200 OK in 101ms (Views: 99.5ms | ActiveRecord: 0.0ms)


Started GET "/assets/application.self-4efa487706d2221d032dbed4562c90a1cda766dce13b89d5255f0ba2e950f1e8.js?body=1" for ::1 at 2015-05-26 13:59:55 -0400


Started GET "/assets/turbolinks.self-c37727e9bd6b2735da5c311aa83fead54ed0be6cc8bd9a65309e9c5abe2cbfff.js?body=1" for ::1 at 2015-05-26 13:59:55 -0400


Started GET "/assets/jquery.self-d03a5518f45df77341bdbe6201ba3bfa547ebba8ed64f0ea56bfa5f96ea7c074.js?body=1" for ::1 at 2015-05-26 13:59:55 -0400


Started GET "/assets/application.self-e80e8f2318043e8af94dddc2adad5a4f09739a8ebb323b3ab31cd71d45fd9113.css?body=1" for ::1 at 2015-05-26 13:59:55 -0400


Started GET "/assets/jquery_ujs.self-8e98a7a072a6cee1372d19fff9ff3e6aa1e39a37d89d6f06861637d061113ee7.js?body=1" for ::1 at 2015-05-26 13:59:55 -0400


Started GET "/" for ::1 at 2015-05-26 14:00:46 -0400
Processing by ApplicationController#index as HTML
  Rendered text template within layouts/application (0.0ms)
Completed 200 OK in 269ms (Views: 241.6ms | ActiveRecord: 0.0ms)


Started GET "/assets/application.self-e80e8f2318043e8af94dddc2adad5a4f09739a8ebb323b3ab31cd71d45fd9113.css?body=1" for ::1 at 2015-05-26 14:00:47 -0400


Started GET "/assets/jquery_ujs.self-8e98a7a072a6cee1372d19fff9ff3e6aa1e39a37d89d6f06861637d061113ee7.js?body=1" for ::1 at 2015-05-26 14:00:47 -0400


Started GET "/assets/jquery.self-d03a5518f45df77341bdbe6201ba3bfa547ebba8ed64f0ea56bfa5f96ea7c074.js?body=1" for ::1 at 2015-05-26 14:00:47 -0400


Started GET "/assets/application.self-4efa487706d2221d032dbed4562c90a1cda766dce13b89d5255f0ba2e950f1e8.js?body=1" for ::1 at 2015-05-26 14:00:47 -0400


Started GET "/assets/turbolinks.self-c37727e9bd6b2735da5c311aa83fead54ed0be6cc8bd9a65309e9c5abe2cbfff.js?body=1" for ::1 at 2015-05-26 14:00:47 -0400


Started GET "/" for ::1 at 2015-05-26 14:18:41 -0400
Processing by ApplicationController#index as HTML
  Rendered text template within layouts/application (0.0ms)
Completed 200 OK in 112ms (Views: 111.6ms | ActiveRecord: 0.0ms)


Started GET "/assets/application.self-e80e8f2318043e8af94dddc2adad5a4f09739a8ebb323b3ab31cd71d45fd9113.css?body=1" for ::1 at 2015-05-26 14:18:41 -0400


Started GET "/assets/turbolinks.self-c37727e9bd6b2735da5c311aa83fead54ed0be6cc8bd9a65309e9c5abe2cbfff.js?body=1" for ::1 at 2015-05-26 14:18:41 -0400


Started GET "/assets/jquery.self-d03a5518f45df77341bdbe6201ba3bfa547ebba8ed64f0ea56bfa5f96ea7c074.js?body=1" for ::1 at 2015-05-26 14:18:41 -0400


Started GET "/assets/jquery_ujs.self-8e98a7a072a6cee1372d19fff9ff3e6aa1e39a37d89d6f06861637d061113ee7.js?body=1" for ::1 at 2015-05-26 14:18:42 -0400


Started GET "/assets/application.self-53afd7f9b761737ae37103636de8f4ad32b46dc8c0807e709feeee65ba90c06f.js?body=1" for ::1 at 2015-05-26 14:18:42 -0400


Started GET "/uptime" for ::1 at 2015-05-26 14:18:42 -0400
Processing by ProjectsController#uptime as */*
Completed 500 Internal Server Error in 647ms

NoMethodError (undefined method `var' for #<ProjectsController:0x007f8e113458b8>):
  app/controllers/projects_controller.rb:16:in `uptime'


  Rendered /Users/alexschattner/.rbenv/versions/2.1.2/lib/ruby/gems/2.1.0/gems/actionpack-4.2.0/lib/action_dispatch/middleware/templates/rescues/_source.erb (4.7ms)
  Rendered /Users/alexschattner/.rbenv/versions/2.1.2/lib/ruby/gems/2.1.0/gems/actionpack-4.2.0/lib/action_dispatch/middleware/templates/rescues/_trace.text.erb (0.6ms)
  Rendered /Users/alexschattner/.rbenv/versions/2.1.2/lib/ruby/gems/2.1.0/gems/actionpack-4.2.0/lib/action_dispatch/middleware/templates/rescues/_request_and_response.text.erb (0.6ms)
  Rendered /Users/alexschattner/.rbenv/versions/2.1.2/lib/ruby/gems/2.1.0/gems/actionpack-4.2.0/lib/action_dispatch/middleware/templates/rescues/diagnostics.text.erb (24.6ms)
  Rendered /Users/alexschattner/.rbenv/versions/2.1.2/lib/ruby/gems/2.1.0/gems/web-console-2.1.2/lib/web_console/templates/_markup.html.erb (0.5ms)
  Rendered /Users/alexschattner/.rbenv/versions/2.1.2/lib/ruby/gems/2.1.0/gems/web-console-2.1.2/lib/web_console/templates/style.css.erb within layouts/inlined_string (0.3ms)
  Rendered /Users/alexschattner/.rbenv/versions/2.1.2/lib/ruby/gems/2.1.0/gems/web-console-2.1.2/lib/web_console/templates/_inner_console_markup.html.erb within layouts/inlined_string (0.2ms)
  Rendered /Users/alexschattner/.rbenv/versions/2.1.2/lib/ruby/gems/2.1.0/gems/web-console-2.1.2/lib/web_console/templates/_prompt_box_markup.html.erb within layouts/inlined_string (0.2ms)
  Rendered /Users/alexschattner/.rbenv/versions/2.1.2/lib/ruby/gems/2.1.0/gems/web-console-2.1.2/lib/web_console/templates/console.js.erb within layouts/javascript (17.3ms)
  Rendered /Users/alexschattner/.rbenv/versions/2.1.2/lib/ruby/gems/2.1.0/gems/web-console-2.1.2/lib/web_console/templates/main.js.erb within layouts/javascript (0.2ms)
  Rendered /Users/alexschattner/.rbenv/versions/2.1.2/lib/ruby/gems/2.1.0/gems/web-console-2.1.2/lib/web_console/templates/error_page.js.erb within layouts/javascript (0.3ms)
  Rendered /Users/alexschattner/.rbenv/versions/2.1.2/lib/ruby/gems/2.1.0/gems/web-console-2.1.2/lib/web_console/templates/index.html.erb (80.0ms)


Started GET "/" for ::1 at 2015-05-26 14:19:08 -0400
Processing by ApplicationController#index as HTML
  Rendered text template within layouts/application (0.0ms)
Completed 200 OK in 22ms (Views: 21.3ms | ActiveRecord: 0.0ms)


Started GET "/assets/application.self-e80e8f2318043e8af94dddc2adad5a4f09739a8ebb323b3ab31cd71d45fd9113.css?body=1" for ::1 at 2015-05-26 14:19:08 -0400


Started GET "/assets/jquery_ujs.self-8e98a7a072a6cee1372d19fff9ff3e6aa1e39a37d89d6f06861637d061113ee7.js?body=1" for ::1 at 2015-05-26 14:19:08 -0400


Started GET "/assets/application.self-53afd7f9b761737ae37103636de8f4ad32b46dc8c0807e709feeee65ba90c06f.js?body=1" for ::1 at 2015-05-26 14:19:08 -0400


Started GET "/assets/turbolinks.self-c37727e9bd6b2735da5c311aa83fead54ed0be6cc8bd9a65309e9c5abe2cbfff.js?body=1" for ::1 at 2015-05-26 14:19:08 -0400


Started GET "/assets/jquery.self-d03a5518f45df77341bdbe6201ba3bfa547ebba8ed64f0ea56bfa5f96ea7c074.js?body=1" for ::1 at 2015-05-26 14:19:08 -0400


Started GET "/uptime" for ::1 at 2015-05-26 14:19:08 -0400
Processing by ProjectsController#uptime as */*
Completed 500 Internal Server Error in 411ms

NoMethodError (undefined method `var' for #<ProjectsController:0x007f8e0fa8ffa8>):
  app/controllers/projects_controller.rb:16:in `uptime'


  Rendered /Users/alexschattner/.rbenv/versions/2.1.2/lib/ruby/gems/2.1.0/gems/actionpack-4.2.0/lib/action_dispatch/middleware/templates/rescues/_source.erb (3.2ms)
  Rendered /Users/alexschattner/.rbenv/versions/2.1.2/lib/ruby/gems/2.1.0/gems/actionpack-4.2.0/lib/action_dispatch/middleware/templates/rescues/_trace.text.erb (0.6ms)
  Rendered /Users/alexschattner/.rbenv/versions/2.1.2/lib/ruby/gems/2.1.0/gems/actionpack-4.2.0/lib/action_dispatch/middleware/templates/rescues/_request_and_response.text.erb (0.7ms)
  Rendered /Users/alexschattner/.rbenv/versions/2.1.2/lib/ruby/gems/2.1.0/gems/actionpack-4.2.0/lib/action_dispatch/middleware/templates/rescues/diagnostics.text.erb (20.2ms)
  Rendered /Users/alexschattner/.rbenv/versions/2.1.2/lib/ruby/gems/2.1.0/gems/web-console-2.1.2/lib/web_console/templates/_markup.html.erb (0.4ms)
  Rendered /Users/alexschattner/.rbenv/versions/2.1.2/lib/ruby/gems/2.1.0/gems/web-console-2.1.2/lib/web_console/templates/style.css.erb within layouts/inlined_string (0.2ms)
  Rendered /Users/alexschattner/.rbenv/versions/2.1.2/lib/ruby/gems/2.1.0/gems/web-console-2.1.2/lib/web_console/templates/_inner_console_markup.html.erb within layouts/inlined_string (0.6ms)
  Rendered /Users/alexschattner/.rbenv/versions/2.1.2/lib/ruby/gems/2.1.0/gems/web-console-2.1.2/lib/web_console/templates/_prompt_box_markup.html.erb within layouts/inlined_string (0.3ms)
  Rendered /Users/alexschattner/.rbenv/versions/2.1.2/lib/ruby/gems/2.1.0/gems/web-console-2.1.2/lib/web_console/templates/console.js.erb within layouts/javascript (16.4ms)
  Rendered /Users/alexschattner/.rbenv/versions/2.1.2/lib/ruby/gems/2.1.0/gems/web-console-2.1.2/lib/web_console/templates/main.js.erb within layouts/javascript (0.2ms)
  Rendered /Users/alexschattner/.rbenv/versions/2.1.2/lib/ruby/gems/2.1.0/gems/web-console-2.1.2/lib/web_console/templates/error_page.js.erb within layouts/javascript (0.5ms)
  Rendered /Users/alexschattner/.rbenv/versions/2.1.2/lib/ruby/gems/2.1.0/gems/web-console-2.1.2/lib/web_console/templates/index.html.erb (34.4ms)


Started GET "/" for ::1 at 2015-05-26 14:19:36 -0400
Processing by ApplicationController#index as HTML
  Rendered text template within layouts/application (0.0ms)
Completed 200 OK in 80ms (Views: 79.2ms | ActiveRecord: 0.0ms)


Started GET "/assets/application.self-e80e8f2318043e8af94dddc2adad5a4f09739a8ebb323b3ab31cd71d45fd9113.css?body=1" for ::1 at 2015-05-26 14:19:36 -0400


Started GET "/assets/jquery.self-d03a5518f45df77341bdbe6201ba3bfa547ebba8ed64f0ea56bfa5f96ea7c074.js?body=1" for ::1 at 2015-05-26 14:19:36 -0400


Started GET "/assets/application.self-5ccd24bccd429268d358d7dd7b548b4fa43600ddf430ebaf0fbfe958a1641ece.js?body=1" for ::1 at 2015-05-26 14:19:36 -0400


Started GET "/assets/turbolinks.self-c37727e9bd6b2735da5c311aa83fead54ed0be6cc8bd9a65309e9c5abe2cbfff.js?body=1" for ::1 at 2015-05-26 14:19:36 -0400


Started GET "/assets/jquery_ujs.self-8e98a7a072a6cee1372d19fff9ff3e6aa1e39a37d89d6f06861637d061113ee7.js?body=1" for ::1 at 2015-05-26 14:19:36 -0400


Started GET "/uptime" for ::1 at 2015-05-26 14:19:36 -0400
Processing by ProjectsController#uptime as */*
Completed 500 Internal Server Error in 434ms

NoMethodError (undefined method `var' for #<ProjectsController:0x007f8e14112188>):
  app/controllers/projects_controller.rb:16:in `uptime'


  Rendered /Users/alexschattner/.rbenv/versions/2.1.2/lib/ruby/gems/2.1.0/gems/actionpack-4.2.0/lib/action_dispatch/middleware/templates/rescues/_source.erb (3.0ms)
  Rendered /Users/alexschattner/.rbenv/versions/2.1.2/lib/ruby/gems/2.1.0/gems/actionpack-4.2.0/lib/action_dispatch/middleware/templates/rescues/_trace.text.erb (0.5ms)
  Rendered /Users/alexschattner/.rbenv/versions/2.1.2/lib/ruby/gems/2.1.0/gems/actionpack-4.2.0/lib/action_dispatch/middleware/templates/rescues/_request_and_response.text.erb (0.6ms)
  Rendered /Users/alexschattner/.rbenv/versions/2.1.2/lib/ruby/gems/2.1.0/gems/actionpack-4.2.0/lib/action_dispatch/middleware/templates/rescues/diagnostics.text.erb (18.9ms)
  Rendered /Users/alexschattner/.rbenv/versions/2.1.2/lib/ruby/gems/2.1.0/gems/web-console-2.1.2/lib/web_console/templates/_markup.html.erb (0.3ms)
  Rendered /Users/alexschattner/.rbenv/versions/2.1.2/lib/ruby/gems/2.1.0/gems/web-console-2.1.2/lib/web_console/templates/style.css.erb within layouts/inlined_string (0.4ms)
  Rendered /Users/alexschattner/.rbenv/versions/2.1.2/lib/ruby/gems/2.1.0/gems/web-console-2.1.2/lib/web_console/templates/_inner_console_markup.html.erb within layouts/inlined_string (0.3ms)
  Rendered /Users/alexschattner/.rbenv/versions/2.1.2/lib/ruby/gems/2.1.0/gems/web-console-2.1.2/lib/web_console/templates/_prompt_box_markup.html.erb within layouts/inlined_string (0.3ms)
  Rendered /Users/alexschattner/.rbenv/versions/2.1.2/lib/ruby/gems/2.1.0/gems/web-console-2.1.2/lib/web_console/templates/console.js.erb within layouts/javascript (15.9ms)
  Rendered /Users/alexschattner/.rbenv/versions/2.1.2/lib/ruby/gems/2.1.0/gems/web-console-2.1.2/lib/web_console/templates/main.js.erb within layouts/javascript (0.3ms)
  Rendered /Users/alexschattner/.rbenv/versions/2.1.2/lib/ruby/gems/2.1.0/gems/web-console-2.1.2/lib/web_console/templates/error_page.js.erb within layouts/javascript (0.4ms)
  Rendered /Users/alexschattner/.rbenv/versions/2.1.2/lib/ruby/gems/2.1.0/gems/web-console-2.1.2/lib/web_console/templates/index.html.erb (32.8ms)


Started GET "/" for ::1 at 2015-05-26 14:20:25 -0400
Processing by ApplicationController#index as HTML
  Rendered text template within layouts/application (0.0ms)
Completed 200 OK in 21ms (Views: 20.9ms | ActiveRecord: 0.0ms)


Started GET "/assets/application.self-e80e8f2318043e8af94dddc2adad5a4f09739a8ebb323b3ab31cd71d45fd9113.css?body=1" for ::1 at 2015-05-26 14:20:25 -0400


Started GET "/assets/jquery_ujs.self-8e98a7a072a6cee1372d19fff9ff3e6aa1e39a37d89d6f06861637d061113ee7.js?body=1" for ::1 at 2015-05-26 14:20:25 -0400


Started GET "/assets/jquery.self-d03a5518f45df77341bdbe6201ba3bfa547ebba8ed64f0ea56bfa5f96ea7c074.js?body=1" for ::1 at 2015-05-26 14:20:25 -0400


Started GET "/assets/application.self-5ccd24bccd429268d358d7dd7b548b4fa43600ddf430ebaf0fbfe958a1641ece.js?body=1" for ::1 at 2015-05-26 14:20:25 -0400


Started GET "/assets/turbolinks.self-c37727e9bd6b2735da5c311aa83fead54ed0be6cc8bd9a65309e9c5abe2cbfff.js?body=1" for ::1 at 2015-05-26 14:20:25 -0400


Started GET "/uptime" for ::1 at 2015-05-26 14:20:25 -0400
Processing by ProjectsController#uptime as */*
Completed 200 OK in 564ms (Views: 0.2ms | ActiveRecord: 0.0ms)


Started GET "/" for ::1 at 2015-05-26 14:25:31 -0400
Processing by ApplicationController#index as HTML
  Rendered text template within layouts/application (0.0ms)
Completed 200 OK in 78ms (Views: 77.1ms | ActiveRecord: 0.0ms)


Started GET "/assets/application.self-e80e8f2318043e8af94dddc2adad5a4f09739a8ebb323b3ab31cd71d45fd9113.css?body=1" for ::1 at 2015-05-26 14:25:32 -0400


Started GET "/assets/turbolinks.self-c37727e9bd6b2735da5c311aa83fead54ed0be6cc8bd9a65309e9c5abe2cbfff.js?body=1" for ::1 at 2015-05-26 14:25:32 -0400


Started GET "/assets/jquery.self-d03a5518f45df77341bdbe6201ba3bfa547ebba8ed64f0ea56bfa5f96ea7c074.js?body=1" for ::1 at 2015-05-26 14:25:32 -0400


Started GET "/assets/application.self-c156b92727872746fe4d89a95001ebfbcb4fe55e472ea65d42a87ed92ac1aa51.js?body=1" for ::1 at 2015-05-26 14:25:32 -0400


Started GET "/assets/jquery_ujs.self-8e98a7a072a6cee1372d19fff9ff3e6aa1e39a37d89d6f06861637d061113ee7.js?body=1" for ::1 at 2015-05-26 14:25:32 -0400


Started GET "/uptime" for ::1 at 2015-05-26 14:25:32 -0400
Processing by ProjectsController#uptime as */*
Completed 200 OK in 435ms (Views: 0.2ms | ActiveRecord: 0.0ms)


Started GET "/" for ::1 at 2015-05-26 14:26:41 -0400
Processing by ApplicationController#index as HTML
  Rendered text template within layouts/application (0.0ms)
Completed 200 OK in 20ms (Views: 19.2ms | ActiveRecord: 0.0ms)


Started GET "/assets/application.self-e80e8f2318043e8af94dddc2adad5a4f09739a8ebb323b3ab31cd71d45fd9113.css?body=1" for ::1 at 2015-05-26 14:26:41 -0400


Started GET "/assets/jquery_ujs.self-8e98a7a072a6cee1372d19fff9ff3e6aa1e39a37d89d6f06861637d061113ee7.js?body=1" for ::1 at 2015-05-26 14:26:41 -0400


Started GET "/assets/jquery.self-d03a5518f45df77341bdbe6201ba3bfa547ebba8ed64f0ea56bfa5f96ea7c074.js?body=1" for ::1 at 2015-05-26 14:26:41 -0400


Started GET "/assets/application.self-c156b92727872746fe4d89a95001ebfbcb4fe55e472ea65d42a87ed92ac1aa51.js?body=1" for ::1 at 2015-05-26 14:26:41 -0400


Started GET "/assets/turbolinks.self-c37727e9bd6b2735da5c311aa83fead54ed0be6cc8bd9a65309e9c5abe2cbfff.js?body=1" for ::1 at 2015-05-26 14:26:41 -0400


Started GET "/uptime" for ::1 at 2015-05-26 14:26:41 -0400
Processing by ProjectsController#uptime as */*
Completed 200 OK in 1103ms (Views: 0.3ms | ActiveRecord: 0.0ms)


Started GET "/" for ::1 at 2015-05-26 14:39:13 -0400
Processing by ApplicationController#index as HTML
  Rendered text template within layouts/application (0.0ms)
Completed 200 OK in 311ms (Views: 310.7ms | ActiveRecord: 0.0ms)


Started GET "/assets/jquery.self-d03a5518f45df77341bdbe6201ba3bfa547ebba8ed64f0ea56bfa5f96ea7c074.js?body=1" for ::1 at 2015-05-26 14:39:13 -0400


Started GET "/assets/application.self-e80e8f2318043e8af94dddc2adad5a4f09739a8ebb323b3ab31cd71d45fd9113.css?body=1" for ::1 at 2015-05-26 14:39:13 -0400


Started GET "/assets/application.self-ca63e16dc1f296770a09a1afedf999e775e68602933bbb92da5ac5374736551f.js?body=1" for ::1 at 2015-05-26 14:39:13 -0400


Started GET "/assets/jquery_ujs.self-8e98a7a072a6cee1372d19fff9ff3e6aa1e39a37d89d6f06861637d061113ee7.js?body=1" for ::1 at 2015-05-26 14:39:13 -0400


Started GET "/assets/turbolinks.self-c37727e9bd6b2735da5c311aa83fead54ed0be6cc8bd9a65309e9c5abe2cbfff.js?body=1" for ::1 at 2015-05-26 14:39:13 -0400


Started GET "/uptime" for ::1 at 2015-05-26 14:39:13 -0400
Processing by ProjectsController#uptime as */*
Completed 200 OK in 829ms (Views: 0.3ms | ActiveRecord: 0.0ms)


Started GET "/" for ::1 at 2015-05-26 14:45:41 -0400
Processing by ApplicationController#index as HTML
  Rendered text template within layouts/application (0.0ms)
Completed 200 OK in 84ms (Views: 83.6ms | ActiveRecord: 0.0ms)


Started GET "/assets/application.self-e80e8f2318043e8af94dddc2adad5a4f09739a8ebb323b3ab31cd71d45fd9113.css?body=1" for ::1 at 2015-05-26 14:45:41 -0400


Started GET "/assets/jquery.self-d03a5518f45df77341bdbe6201ba3bfa547ebba8ed64f0ea56bfa5f96ea7c074.js?body=1" for ::1 at 2015-05-26 14:45:41 -0400


Started GET "/assets/application.self-ca63e16dc1f296770a09a1afedf999e775e68602933bbb92da5ac5374736551f.js?body=1" for ::1 at 2015-05-26 14:45:41 -0400


Started GET "/assets/turbolinks.self-c37727e9bd6b2735da5c311aa83fead54ed0be6cc8bd9a65309e9c5abe2cbfff.js?body=1" for ::1 at 2015-05-26 14:45:41 -0400


Started GET "/assets/jquery_ujs.self-8e98a7a072a6cee1372d19fff9ff3e6aa1e39a37d89d6f06861637d061113ee7.js?body=1" for ::1 at 2015-05-26 14:45:41 -0400


Started GET "/uptime" for ::1 at 2015-05-26 14:45:41 -0400
Processing by ProjectsController#uptime as */*
Completed 200 OK in 704ms (Views: 0.2ms | ActiveRecord: 0.0ms)


Started GET "/" for ::1 at 2015-05-26 15:45:47 -0400
  [1m[36mActiveRecord::SchemaMigration Load (0.7ms)[0m  [1mSELECT "schema_migrations".* FROM "schema_migrations"[0m
Processing by ApplicationController#index as HTML
  Rendered text template within layouts/application (0.1ms)
Completed 500 Internal Server Error in 426ms

ActionView::Template::Error (couldn't find file 'underscore' with type 'application/javascript'):
    3: <head>
    4:   <title>FinanceInfo</title>
    5:   <%= stylesheet_link_tag    'application', media: 'all', 'data-turbolinks-track' => true %>
    6:   <%= javascript_include_tag 'application', 'data-turbolinks-track' => true %>
    7:   <%= csrf_meta_tags %>
    8: </head>
    9: <body>
  app/assets/javascripts/application.js:16
  app/views/layouts/application.html.erb:6:in `_app_views_layouts_application_html_erb__4215553536407168504_70124074657200'
  app/controllers/application_controller.rb:7:in `index'


  Rendered /Users/alexschattner/.rbenv/versions/2.1.2/lib/ruby/gems/2.1.0/gems/actionpack-4.2.0/lib/action_dispatch/middleware/templates/rescues/_source.erb (38.7ms)
  Rendered /Users/alexschattner/.rbenv/versions/2.1.2/lib/ruby/gems/2.1.0/gems/actionpack-4.2.0/lib/action_dispatch/middleware/templates/rescues/_trace.html.erb (3.9ms)
  Rendered /Users/alexschattner/.rbenv/versions/2.1.2/lib/ruby/gems/2.1.0/gems/actionpack-4.2.0/lib/action_dispatch/middleware/templates/rescues/_request_and_response.html.erb (1.0ms)
  Rendered /Users/alexschattner/.rbenv/versions/2.1.2/lib/ruby/gems/2.1.0/gems/actionpack-4.2.0/lib/action_dispatch/middleware/templates/rescues/template_error.html.erb within rescues/layout (94.1ms)
  Rendered /Users/alexschattner/.rbenv/versions/2.1.2/lib/ruby/gems/2.1.0/gems/web-console-2.1.2/lib/web_console/templates/_markup.html.erb (0.3ms)
  Rendered /Users/alexschattner/.rbenv/versions/2.1.2/lib/ruby/gems/2.1.0/gems/web-console-2.1.2/lib/web_console/templates/style.css.erb within layouts/inlined_string (0.2ms)
  Rendered /Users/alexschattner/.rbenv/versions/2.1.2/lib/ruby/gems/2.1.0/gems/web-console-2.1.2/lib/web_console/templates/_inner_console_markup.html.erb within layouts/inlined_string (0.2ms)
  Rendered /Users/alexschattner/.rbenv/versions/2.1.2/lib/ruby/gems/2.1.0/gems/web-console-2.1.2/lib/web_console/templates/_prompt_box_markup.html.erb within layouts/inlined_string (0.3ms)
  Rendered /Users/alexschattner/.rbenv/versions/2.1.2/lib/ruby/gems/2.1.0/gems/web-console-2.1.2/lib/web_console/templates/console.js.erb within layouts/javascript (20.3ms)
  Rendered /Users/alexschattner/.rbenv/versions/2.1.2/lib/ruby/gems/2.1.0/gems/web-console-2.1.2/lib/web_console/templates/main.js.erb within layouts/javascript (0.3ms)
  Rendered /Users/alexschattner/.rbenv/versions/2.1.2/lib/ruby/gems/2.1.0/gems/web-console-2.1.2/lib/web_console/templates/error_page.js.erb within layouts/javascript (0.4ms)
  Rendered /Users/alexschattner/.rbenv/versions/2.1.2/lib/ruby/gems/2.1.0/gems/web-console-2.1.2/lib/web_console/templates/index.html.erb (50.7ms)


Started GET "/" for ::1 at 2015-05-26 15:47:26 -0400
Processing by ApplicationController#index as HTML
  Rendered text template within layouts/application (0.0ms)
Completed 500 Internal Server Error in 58ms

ActionView::Template::Error (couldn't find file 'underscore' with type 'application/javascript'):
    3: <head>
    4:   <title>FinanceInfo</title>
    5:   <%= stylesheet_link_tag    'application', media: 'all', 'data-turbolinks-track' => true %>
    6:   <%= javascript_include_tag 'application', 'data-turbolinks-track' => true %>
    7:   <%= csrf_meta_tags %>
    8: </head>
    9: <body>
  app/assets/javascripts/application.js:16
  app/views/layouts/application.html.erb:6:in `_app_views_layouts_application_html_erb__4215553536407168504_70124074657200'
  app/controllers/application_controller.rb:7:in `index'


  Rendered /Users/alexschattner/.rbenv/versions/2.1.2/lib/ruby/gems/2.1.0/gems/actionpack-4.2.0/lib/action_dispatch/middleware/templates/rescues/_source.erb (9.9ms)
  Rendered /Users/alexschattner/.rbenv/versions/2.1.2/lib/ruby/gems/2.1.0/gems/actionpack-4.2.0/lib/action_dispatch/middleware/templates/rescues/_trace.html.erb (3.5ms)
  Rendered /Users/alexschattner/.rbenv/versions/2.1.2/lib/ruby/gems/2.1.0/gems/actionpack-4.2.0/lib/action_dispatch/middleware/templates/rescues/_request_and_response.html.erb (0.8ms)
  Rendered /Users/alexschattner/.rbenv/versions/2.1.2/lib/ruby/gems/2.1.0/gems/actionpack-4.2.0/lib/action_dispatch/middleware/templates/rescues/template_error.html.erb within rescues/layout (26.3ms)
  Rendered /Users/alexschattner/.rbenv/versions/2.1.2/lib/ruby/gems/2.1.0/gems/web-console-2.1.2/lib/web_console/templates/_markup.html.erb (0.3ms)
  Rendered /Users/alexschattner/.rbenv/versions/2.1.2/lib/ruby/gems/2.1.0/gems/web-console-2.1.2/lib/web_console/templates/style.css.erb within layouts/inlined_string (0.3ms)
  Rendered /Users/alexschattner/.rbenv/versions/2.1.2/lib/ruby/gems/2.1.0/gems/web-console-2.1.2/lib/web_console/templates/_inner_console_markup.html.erb within layouts/inlined_string (0.2ms)
  Rendered /Users/alexschattner/.rbenv/versions/2.1.2/lib/ruby/gems/2.1.0/gems/web-console-2.1.2/lib/web_console/templates/_prompt_box_markup.html.erb within layouts/inlined_string (0.2ms)
  Rendered /Users/alexschattner/.rbenv/versions/2.1.2/lib/ruby/gems/2.1.0/gems/web-console-2.1.2/lib/web_console/templates/console.js.erb within layouts/javascript (14.7ms)
  Rendered /Users/alexschattner/.rbenv/versions/2.1.2/lib/ruby/gems/2.1.0/gems/web-console-2.1.2/lib/web_console/templates/main.js.erb within layouts/javascript (0.2ms)
  Rendered /Users/alexschattner/.rbenv/versions/2.1.2/lib/ruby/gems/2.1.0/gems/web-console-2.1.2/lib/web_console/templates/error_page.js.erb within layouts/javascript (0.4ms)
  Rendered /Users/alexschattner/.rbenv/versions/2.1.2/lib/ruby/gems/2.1.0/gems/web-console-2.1.2/lib/web_console/templates/index.html.erb (31.0ms)


Started GET "/" for ::1 at 2015-05-26 16:06:00 -0400
Processing by ApplicationController#index as HTML
  Rendered text template within layouts/application (0.0ms)
Completed 500 Internal Server Error in 14ms

ActionView::Template::Error (couldn't find file 'underscore' with type 'application/javascript'):
    3: <head>
    4:   <title>FinanceInfo</title>
    5:   <%= stylesheet_link_tag    'application', media: 'all', 'data-turbolinks-track' => true %>
    6:   <%= javascript_include_tag 'application', 'data-turbolinks-track' => true %>
    7:   <%= csrf_meta_tags %>
    8: </head>
    9: <body>
  app/assets/javascripts/application.js:16
  app/views/layouts/application.html.erb:6:in `_app_views_layouts_application_html_erb__4215553536407168504_70124043692520'
  app/controllers/application_controller.rb:7:in `index'


  Rendered /Users/alexschattner/.rbenv/versions/2.1.2/lib/ruby/gems/2.1.0/gems/actionpack-4.2.0/lib/action_dispatch/middleware/templates/rescues/_source.erb (48.5ms)
  Rendered /Users/alexschattner/.rbenv/versions/2.1.2/lib/ruby/gems/2.1.0/gems/actionpack-4.2.0/lib/action_dispatch/middleware/templates/rescues/_trace.html.erb (13.4ms)
  Rendered /Users/alexschattner/.rbenv/versions/2.1.2/lib/ruby/gems/2.1.0/gems/actionpack-4.2.0/lib/action_dispatch/middleware/templates/rescues/_request_and_response.html.erb (1.2ms)
  Rendered /Users/alexschattner/.rbenv/versions/2.1.2/lib/ruby/gems/2.1.0/gems/actionpack-4.2.0/lib/action_dispatch/middleware/templates/rescues/template_error.html.erb within rescues/layout (82.2ms)
  Rendered /Users/alexschattner/.rbenv/versions/2.1.2/lib/ruby/gems/2.1.0/gems/web-console-2.1.2/lib/web_console/templates/_markup.html.erb (0.3ms)
  Rendered /Users/alexschattner/.rbenv/versions/2.1.2/lib/ruby/gems/2.1.0/gems/web-console-2.1.2/lib/web_console/templates/style.css.erb within layouts/inlined_string (0.3ms)
  Rendered /Users/alexschattner/.rbenv/versions/2.1.2/lib/ruby/gems/2.1.0/gems/web-console-2.1.2/lib/web_console/templates/_inner_console_markup.html.erb within layouts/inlined_string (0.3ms)
  Rendered /Users/alexschattner/.rbenv/versions/2.1.2/lib/ruby/gems/2.1.0/gems/web-console-2.1.2/lib/web_console/templates/_prompt_box_markup.html.erb within layouts/inlined_string (0.2ms)
  Rendered /Users/alexschattner/.rbenv/versions/2.1.2/lib/ruby/gems/2.1.0/gems/web-console-2.1.2/lib/web_console/templates/console.js.erb within layouts/javascript (17.2ms)
  Rendered /Users/alexschattner/.rbenv/versions/2.1.2/lib/ruby/gems/2.1.0/gems/web-console-2.1.2/lib/web_console/templates/main.js.erb within layouts/javascript (0.3ms)
  Rendered /Users/alexschattner/.rbenv/versions/2.1.2/lib/ruby/gems/2.1.0/gems/web-console-2.1.2/lib/web_console/templates/error_page.js.erb within layouts/javascript (0.4ms)
  Rendered /Users/alexschattner/.rbenv/versions/2.1.2/lib/ruby/gems/2.1.0/gems/web-console-2.1.2/lib/web_console/templates/index.html.erb (37.0ms)
